⏳ Initializing Multi-Modal Hybrid Recommender Engine...
Warning: You are sending unauthenticated requests to the HF Hub. Please set a HF_TOKEN to enable higher rate limits and faster downloads.
Loading weights: 100%|█████████████████████████████████████| 103/103 [00:00<00:00, 9848.93it/s]
🔮 Generating 10 K-Means clusters for structural catalog grouping...
🖼️ Aligning multi-modal visual representation vector spaces...
🎉 Hybrid Engine active! Balanced multi-modal sorting online.
[32m[I 2026-06-25 02:23:57,033][0m A new study created in memory with name: no-name-38642497-70f0-4421-9021-ea69e633389d[0m
[32m[I 2026-06-25 02:23:57,077][0m Trial 0 finished with value: 0.0 and parameters: {'w_text': 0.36362571671695065, 'w_rating': 0.6077324256446457, 'w_discount': 0.8140343780458091}. Best is trial 0 with value: 0.0.[0m
[32m[I 2026-06-25 02:23:57,097][0m Trial 1 finished with value: 0.0 and parameters: {'w_text': 0.0465294251725753, 'w_rating': 0.8853601703293397, 'w_discount': 0.4316218425637455}. Best is trial 0 with value: 0.0.[0m
[32m[I 2026-06-25 02:23:57,117][0m Trial 2 finished with value: 0.0 and parameters: {'w_text': 0.8720761605056372, 'w_rating': 0.21251115310761726, 'w_discount': 0.8624273879123879}. Best is trial 0 with value: 0.0.[0m
[32m[I 2026-06-25 02:23:57,136][0m Trial 3 finished with value: 0.0 and parameters: {'w_text': 0.8529301577473074, 'w_rating': 0.6655591301091144, 'w_discount': 0.32727358815054985}. Best is trial 0 with value: 0.0.[0m
[32m[I 2026-06-25 02:23:57,154][0m Trial 4 finished with value: 0.0 and parameters: {'w_text': 0.1466587028604992, 'w_rating': 0.9246793307665744, 'w_discount': 0.5117026438669703}. Best is trial 0 with value: 0.0.[0m
[32m[I 2026-06-25 02:23:57,171][0m Trial 5 finished with value: 0.0 and parameters: {'w_text': 0.6653001413932916, 'w_rating': 0.5309507261672506, 'w_discount': 0.48581874088242083}. Best is trial 0 with value: 0.0.[0m
[32m[I 2026-06-25 02:23:57,189][0m Trial 6 finished with value: 0.0 and parameters: {'w_text': 0.885330096570669, 'w_rating': 0.9038617647806277, 'w_discount': 0.3173489956668256}. Best is trial 0 with value: 0.0.[0m
[32m[I 2026-06-25 02:23:57,208][0m Trial 7 finished with value: 0.0 and parameters: {'w_text': 0.06110307404999771, 'w_rating': 0.22317066791700402, 'w_discount': 0.6567679865025211}. Best is trial 0 with value: 0.0.[0m
[32m[I 2026-06-25 02:23:57,225][0m Trial 8 finished with value: 0.0 and parameters: {'w_text': 0.5607482395974465, 'w_rating': 0.18824762770910053, 'w_discount': 0.03136030731907857}. Best is trial 0 with value: 0.0.[0m
[32m[I 2026-06-25 02:23:57,241][0m Trial 9 finished with value: 0.0 and parameters: {'w_text': 0.7558990609085919, 'w_rating': 0.46404102554233817, 'w_discount': 0.4399225676528139}. Best is trial 0 with value: 0.0.[0m
[32m[I 2026-06-25 02:23:57,259][0m Trial 10 finished with value: 0.0 and parameters: {'w_text': 0.38855461044964845, 'w_rating': 0.677755107430122, 'w_discount': 0.9785990152033389}. Best is trial 0 with value: 0.0.[0m
[32m[I 2026-06-25 02:23:57,276][0m Trial 11 finished with value: 0.0 and parameters: {'w_text': 0.2873446569603394, 'w_rating': 0.751381256577624, 'w_discount': 0.7880613473585768}. Best is trial 0 with value: 0.0.[0m
[32m[I 2026-06-25 02:23:57,293][0m Trial 12 finished with value: 0.0 and parameters: {'w_text': 0.37556820277711866, 'w_rating': 0.49152745732451947, 'w_discount': 0.05840501875932452}. Best is trial 0 with value: 0.0.[0m
[32m[I 2026-06-25 02:23:57,310][0m Trial 13 finished with value: 0.0 and parameters: {'w_text': 0.18807717696197254, 'w_rating': 0.9393888666188835, 'w_discount': 0.7582838205294552}. Best is trial 0 with value: 0.0.[0m
[32m[I 2026-06-25 02:23:57,327][0m Trial 14 finished with value: 0.0 and parameters: {'w_text': 0.03659645195102736, 'w_rating': 0.7864979214501162, 'w_discount': 0.6045725092172515}. Best is trial 0 with value: 0.0.[0m
[32m[I 2026-06-25 02:23:57,345][0m Trial 15 finished with value: 0.0 and parameters: {'w_text': 0.5002729713222459, 'w_rating': 0.40276983805314, 'w_discount': 0.21532819541854525}. Best is trial 0 with value: 0.0.[0m
[32m[I 2026-06-25 02:23:57,362][0m Trial 16 finished with value: 0.0 and parameters: {'w_text': 0.18969394297789366, 'w_rating': 0.032015279850817535, 'w_discount': 0.9820055499889695}. Best is trial 0 with value: 0.0.[0m
[32m[I 2026-06-25 02:23:57,379][0m Trial 17 finished with value: 0.0 and parameters: {'w_text': 0.31435522211018724, 'w_rating': 0.6152876729440218, 'w_discount': 0.647877042818244}. Best is trial 0 with value: 0.0.[0m
[32m[I 2026-06-25 02:23:57,395][0m Trial 18 finished with value: 0.0 and parameters: {'w_text': 0.5291974823501098, 'w_rating': 0.8195403166298966, 'w_discount': 0.21284032281039222}. Best is trial 0 with value: 0.0.[0m
[32m[I 2026-06-25 02:23:57,412][0m Trial 19 finished with value: 0.0 and parameters: {'w_text': 0.027110144678758615, 'w_rating': 0.3750111941938731, 'w_discount': 0.8510244278360407}. Best is trial 0 with value: 0.0.[0m
[32m[I 2026-06-25 02:23:57,429][0m Trial 20 finished with value: 0.0 and parameters: {'w_text': 0.9981013729718757, 'w_rating': 0.9934520301010827, 'w_discount': 0.36620956338038124}. Best is trial 0 with value: 0.0.[0m
[32m[I 2026-06-25 02:23:57,446][0m Trial 21 finished with value: 0.0 and parameters: {'w_text': 0.6634536626740486, 'w_rating': 0.2554957274192755, 'w_discount': 0.8819489727129083}. Best is trial 0 with value: 0.0.[0m
[32m[I 2026-06-25 02:23:57,463][0m Trial 22 finished with value: 0.0 and parameters: {'w_text': 0.44269390809400433, 'w_rating': 0.024925367716212454, 'w_discount': 0.7350667786247661}. Best is trial 0 with value: 0.0.[0m
[32m[I 2026-06-25 02:23:57,480][0m Trial 23 finished with value: 0.0 and parameters: {'w_text': 0.268034821148084, 'w_rating': 0.33502819202276896, 'w_discount': 0.8842238260366855}. Best is trial 0 with value: 0.0.[0m
[32m[I 2026-06-25 02:23:57,497][0m Trial 24 finished with value: 0.0 and parameters: {'w_text': 0.6312394107687624, 'w_rating': 0.5755958864078032, 'w_discount': 0.5816746743813452}. Best is trial 0 with value: 0.0.[0m
[32m[I 2026-06-25 02:23:57,514][0m Trial 25 finished with value: 0.0 and parameters: {'w_text': 0.11841029185655222, 'w_rating': 0.08833500463081548, 'w_discount': 0.7171811986861907}. Best is trial 0 with value: 0.0.[0m
[32m[I 2026-06-25 02:23:57,532][0m Trial 26 finished with value: 0.0 and parameters: {'w_text': 0.7705622428141603, 'w_rating': 0.7173892469919492, 'w_discount': 0.8221519904753171}. Best is trial 0 with value: 0.0.[0m
[32m[I 2026-06-25 02:23:57,548][0m Trial 27 finished with value: 0.0 and parameters: {'w_text': 0.9657644278216921, 'w_rating': 0.834741799936396, 'w_discount': 0.9121775054090099}. Best is trial 0 with value: 0.0.[0m
[32m[I 2026-06-25 02:23:57,566][0m Trial 28 finished with value: 0.0 and parameters: {'w_text': 0.25160894794910316, 'w_rating': 0.13773260436881324, 'w_discount': 0.18025612797923662}. Best is trial 0 with value: 0.0.[0m
[32m[I 2026-06-25 02:23:57,583][0m Trial 29 finished with value: 0.0 and parameters: {'w_text': 0.8048963371998104, 'w_rating': 0.6330932539976127, 'w_discount': 0.3809401148191611}. Best is trial 0 with value: 0.0.[0m
[32m[I 2026-06-25 02:23:57,601][0m Trial 30 finished with value: 0.0 and parameters: {'w_text': 0.9201813821132021, 'w_rating': 0.31280981487310144, 'w_discount': 0.5398913213657919}. Best is trial 0 with value: 0.0.[0m
[32m[I 2026-06-25 02:23:57,626][0m Trial 31 finished with value: 0.0 and parameters: {'w_text': 0.8524988643152768, 'w_rating': 0.9113751898332998, 'w_discount': 0.28428132992379784}. Best is trial 0 with value: 0.0.[0m
[32m[I 2026-06-25 02:23:57,645][0m Trial 32 finished with value: 0.0 and parameters: {'w_text': 0.7368152323174153, 'w_rating': 0.5675088128629088, 'w_discount': 0.47275706068303996}. Best is trial 0 with value: 0.0.[0m
[32m[I 2026-06-25 02:23:57,662][0m Trial 33 finished with value: 0.0 and parameters: {'w_text': 0.8329103114360296, 'w_rating': 0.8549077869608968, 'w_discount': 0.11848124530876702}. Best is trial 0 with value: 0.0.[0m
[32m[I 2026-06-25 02:23:57,681][0m Trial 34 finished with value: 0.0 and parameters: {'w_text': 0.5917517407036152, 'w_rating': 0.6815386251090829, 'w_discount': 0.39368482730130777}. Best is trial 0 with value: 0.0.[0m
[32m[I 2026-06-25 02:23:57,698][0m Trial 35 finished with value: 0.0 and parameters: {'w_text': 0.900462422631854, 'w_rating': 0.46306830158624906, 'w_discount': 0.2641993656182303}. Best is trial 0 with value: 0.0.[0m
[32m[I 2026-06-25 02:23:57,717][0m Trial 36 finished with value: 0.0 and parameters: {'w_text': 0.6931276466522883, 'w_rating': 0.9625912266569259, 'w_discount': 0.6721865139911116}. Best is trial 0 with value: 0.0.[0m
[32m[I 2026-06-25 02:23:57,734][0m Trial 37 finished with value: 0.0 and parameters: {'w_text': 0.45406048499877383, 'w_rating': 0.8810842039623928, 'w_discount': 0.5139906865327272}. Best is trial 0 with value: 0.0.[0m
[32m[I 2026-06-25 02:23:57,751][0m Trial 38 finished with value: 0.0 and parameters: {'w_text': 0.9328527726502847, 'w_rating': 0.7573924951993852, 'w_discount': 0.9441254218304176}. Best is trial 0 with value: 0.0.[0m
[32m[I 2026-06-25 02:23:57,768][0m Trial 39 finished with value: 0.0 and parameters: {'w_text': 0.3621391031867535, 'w_rating': 0.4941766891287835, 'w_discount': 0.43609243529659586}. Best is trial 0 with value: 0.0.[0m
[32m[I 2026-06-25 02:23:57,786][0m Trial 40 finished with value: 0.0 and parameters: {'w_text': 0.11052944743913483, 'w_rating': 0.2365765364718848, 'w_discount': 0.30275386904872875}. Best is trial 0 with value: 0.0.[0m
[32m[I 2026-06-25 02:23:57,803][0m Trial 41 finished with value: 0.0 and parameters: {'w_text': 0.08988893205659776, 'w_rating': 0.7970102567428825, 'w_discount': 0.3373309709095821}. Best is trial 0 with value: 0.0.[0m
[32m[I 2026-06-25 02:23:57,854][0m Trial 42 finished with value: 0.0 and parameters: {'w_text': 0.16842217866809522, 'w_rating': 0.9128692087494326, 'w_discount': 0.4274539112258161}. Best is trial 0 with value: 0.0.[0m
[32m[I 2026-06-25 02:23:57,943][0m Trial 43 finished with value: 0.0 and parameters: {'w_text': 0.012432861764233798, 'w_rating': 0.7268978027872653, 'w_discount': 0.7827563732275047}. Best is trial 0 with value: 0.0.[0m
[32m[I 2026-06-25 02:23:58,015][0m Trial 44 finished with value: 0.0 and parameters: {'w_text': 0.1732976228765935, 'w_rating': 0.9893837996964894, 'w_discount': 0.5684197143109202}. Best is trial 0 with value: 0.0.[0m
[32m[I 2026-06-25 02:23:58,048][0m Trial 45 finished with value: 0.0 and parameters: {'w_text': 0.2302800388380074, 'w_rating': 0.6625251835911148, 'w_discount': 0.4727653815593872}. Best is trial 0 with value: 0.0.[0m
[32m[I 2026-06-25 02:23:58,072][0m Trial 46 finished with value: 0.0 and parameters: {'w_text': 0.06268890743939586, 'w_rating': 0.4297629268481857, 'w_discount': 0.8325274401764936}. Best is trial 0 with value: 0.0.[0m
[32m[I 2026-06-25 02:23:58,091][0m Trial 47 finished with value: 0.0 and parameters: {'w_text': 0.8738110595067518, 'w_rating': 0.5376345850729869, 'w_discount': 0.6314550034988986}. Best is trial 0 with value: 0.0.[0m
[32m[I 2026-06-25 02:23:58,110][0m Trial 48 finished with value: 0.0 and parameters: {'w_text': 0.15781111079630483, 'w_rating': 0.8721260429258346, 'w_discount': 0.129186360378855}. Best is trial 0 with value: 0.0.[0m
[32m[I 2026-06-25 02:23:58,130][0m Trial 49 finished with value: 0.0 and parameters: {'w_text': 0.32628575729322584, 'w_rating': 0.9469959368498698, 'w_discount': 0.6867242602489325}. Best is trial 0 with value: 0.0.[0m
