⏳ Initializing Multi-Modal Hybrid Recommender Engine...
Warning: You are sending unauthenticated requests to the HF Hub. Please set a HF_TOKEN to enable higher rate limits and faster downloads.
Loading weights: 100%|█████████████████████████████████████| 103/103 [00:00<00:00, 5916.86it/s]
🔮 Generating 10 K-Means clusters for structural catalog grouping...
🖼️ Aligning multi-modal visual representation vector spaces...
🎉 Hybrid Engine active! Balanced multi-modal sorting online.
[32m[I 2026-06-26 08:51:53,131][0m A new study created in memory with name: no-name-ea42c2ec-1ce4-480e-b794-cfdeb55626c6[0m
[32m[I 2026-06-26 08:51:53,328][0m Trial 0 finished with value: 0.444 and parameters: {'w_sim': 0.5732292930513173, 'w_rating': 0.023440680844381, 'w_discount': 0.3612891821688432}. Best is trial 0 with value: 0.444.[0m
[32m[I 2026-06-26 08:51:53,733][0m Trial 1 finished with value: 0.168 and parameters: {'w_sim': 0.6473352346821759, 'w_rating': 0.5749730997395602, 'w_discount': 0.9456623253829971}. Best is trial 0 with value: 0.444.[0m
[32m[I 2026-06-26 08:51:53,866][0m Trial 2 finished with value: 0.036000000000000004 and parameters: {'w_sim': 0.03324640763211417, 'w_rating': 0.5104831884717388, 'w_discount': 0.6797785282101376}. Best is trial 0 with value: 0.444.[0m
[32m[I 2026-06-26 08:51:53,983][0m Trial 3 finished with value: 0.8000000000000002 and parameters: {'w_sim': 0.1926815278333014, 'w_rating': 0.06821134053144484, 'w_discount': 0.017086980647737837}. Best is trial 3 with value: 0.8000000000000002.[0m
[32m[I 2026-06-26 08:51:54,090][0m Trial 4 finished with value: 0.6 and parameters: {'w_sim': 0.6491097440338013, 'w_rating': 0.23569358323070766, 'w_discount': 0.29133196862252386}. Best is trial 3 with value: 0.8000000000000002.[0m
[32m[I 2026-06-26 08:51:54,222][0m Trial 5 finished with value: 0.128 and parameters: {'w_sim': 0.2784200692667099, 'w_rating': 0.7800812221878981, 'w_discount': 0.6330462432774759}. Best is trial 3 with value: 0.8000000000000002.[0m
[32m[I 2026-06-26 08:51:54,355][0m Trial 6 finished with value: 0.5599999999999999 and parameters: {'w_sim': 0.9258253483154417, 'w_rating': 0.7751635941868249, 'w_discount': 0.4407901209329448}. Best is trial 3 with value: 0.8000000000000002.[0m
[32m[I 2026-06-26 08:51:54,467][0m Trial 7 finished with value: 0.10400000000000001 and parameters: {'w_sim': 0.058125090662909384, 'w_rating': 0.7082729330858318, 'w_discount': 0.3304323434178722}. Best is trial 3 with value: 0.8000000000000002.[0m
[32m[I 2026-06-26 08:51:54,573][0m Trial 8 finished with value: 0.7 and parameters: {'w_sim': 0.7952187683921016, 'w_rating': 0.6625187468591749, 'w_discount': 0.2588712665669656}. Best is trial 3 with value: 0.8000000000000002.[0m
[32m[I 2026-06-26 08:51:54,678][0m Trial 9 finished with value: 0.044000000000000004 and parameters: {'w_sim': 0.03718926048498139, 'w_rating': 0.2936484644825108, 'w_discount': 0.511571653278524}. Best is trial 3 with value: 0.8000000000000002.[0m
[32m[I 2026-06-26 08:51:54,799][0m Trial 10 finished with value: 0.7240000000000001 and parameters: {'w_sim': 0.3510017976003535, 'w_rating': 0.9367032876861832, 'w_discount': 0.013855638619522881}. Best is trial 3 with value: 0.8000000000000002.[0m
[32m[I 2026-06-26 08:51:54,911][0m Trial 11 finished with value: 0.7240000000000001 and parameters: {'w_sim': 0.34228315764729644, 'w_rating': 0.999402722639687, 'w_discount': 0.01819933644077316}. Best is trial 3 with value: 0.8000000000000002.[0m
[32m[I 2026-06-26 08:51:55,025][0m Trial 12 finished with value: 0.6920000000000001 and parameters: {'w_sim': 0.2847482826411557, 'w_rating': 0.9852016773091732, 'w_discount': 0.050039673109281146}. Best is trial 3 with value: 0.8000000000000002.[0m
[32m[I 2026-06-26 08:51:55,132][0m Trial 13 finished with value: 0.7879999999999999 and parameters: {'w_sim': 0.4654605858998343, 'w_rating': 0.04016907653259469, 'w_discount': 0.09901876038502377}. Best is trial 3 with value: 0.8000000000000002.[0m
[32m[I 2026-06-26 08:51:55,240][0m Trial 14 finished with value: 0.6720000000000002 and parameters: {'w_sim': 0.47441608717906514, 'w_rating': 0.016104448982523174, 'w_discount': 0.18026847248328176}. Best is trial 3 with value: 0.8000000000000002.[0m
[32m[I 2026-06-26 08:51:55,346][0m Trial 15 finished with value: 0.40399999999999997 and parameters: {'w_sim': 0.17361512263704693, 'w_rating': 0.19507400621152293, 'w_discount': 0.1384823355101103}. Best is trial 3 with value: 0.8000000000000002.[0m
[32m[I 2026-06-26 08:51:55,454][0m Trial 16 finished with value: 0.7040000000000001 and parameters: {'w_sim': 0.47088067035598913, 'w_rating': 0.13337226122125084, 'w_discount': 0.1584037529166738}. Best is trial 3 with value: 0.8000000000000002.[0m
[32m[I 2026-06-26 08:51:55,584][0m Trial 17 finished with value: 0.7520000000000002 and parameters: {'w_sim': 0.4841840715488372, 'w_rating': 0.3667451824876422, 'w_discount': 0.12064708661639659}. Best is trial 3 with value: 0.8000000000000002.[0m
[32m[I 2026-06-26 08:51:55,723][0m Trial 18 finished with value: 0.23600000000000002 and parameters: {'w_sim': 0.166709028079418, 'w_rating': 0.12047527143120951, 'w_discount': 0.2268321356658325}. Best is trial 3 with value: 0.8000000000000002.[0m
[32m[I 2026-06-26 08:51:55,832][0m Trial 19 finished with value: 0.21600000000000003 and parameters: {'w_sim': 0.7775512878588637, 'w_rating': 0.3903817794483375, 'w_discount': 0.967867688624158}. Best is trial 3 with value: 0.8000000000000002.[0m
[32m[I 2026-06-26 08:51:55,938][0m Trial 20 finished with value: 0.45599999999999996 and parameters: {'w_sim': 0.12485462622128006, 'w_rating': 0.10677574848442464, 'w_discount': 0.08597006728055112}. Best is trial 3 with value: 0.8000000000000002.[0m
[32m[I 2026-06-26 08:51:56,046][0m Trial 21 finished with value: 0.7560000000000001 and parameters: {'w_sim': 0.4616524568888949, 'w_rating': 0.37083061873581286, 'w_discount': 0.11624799783577791}. Best is trial 3 with value: 0.8000000000000002.[0m
[32m[I 2026-06-26 08:51:56,178][0m Trial 22 finished with value: 0.784 and parameters: {'w_sim': 0.4009436339379039, 'w_rating': 0.43815738775367047, 'w_discount': 0.0027734283283963185}. Best is trial 3 with value: 0.8000000000000002.[0m
[32m[I 2026-06-26 08:51:56,303][0m Trial 23 finished with value: 0.7760000000000001 and parameters: {'w_sim': 0.34978684210227134, 'w_rating': 0.4793655874437082, 'w_discount': 0.010974968056173817}. Best is trial 3 with value: 0.8000000000000002.[0m
[32m[I 2026-06-26 08:51:56,412][0m Trial 24 finished with value: 0.368 and parameters: {'w_sim': 0.2568089067912916, 'w_rating': 0.014148313665228705, 'w_discount': 0.20789478449822713}. Best is trial 3 with value: 0.8000000000000002.[0m
[32m[I 2026-06-26 08:51:56,518][0m Trial 25 finished with value: 0.804 and parameters: {'w_sim': 0.5546861403640209, 'w_rating': 0.24542961485408477, 'w_discount': 0.0754178676415332}. Best is trial 25 with value: 0.804.[0m
[32m[I 2026-06-26 08:51:56,651][0m Trial 26 finished with value: 0.7880000000000001 and parameters: {'w_sim': 0.5697749075600673, 'w_rating': 0.24477745819575542, 'w_discount': 0.0913360747908648}. Best is trial 25 with value: 0.804.[0m
[32m[I 2026-06-26 08:51:56,800][0m Trial 27 finished with value: 0.504 and parameters: {'w_sim': 0.7510000286432927, 'w_rating': 0.17812164443645753, 'w_discount': 0.39725012130198206}. Best is trial 25 with value: 0.804.[0m
[32m[I 2026-06-26 08:51:56,915][0m Trial 28 finished with value: 0.6680000000000001 and parameters: {'w_sim': 0.5969346283932749, 'w_rating': 0.2940931754517805, 'w_discount': 0.23097840406693942}. Best is trial 25 with value: 0.804.[0m
[32m[I 2026-06-26 08:51:57,029][0m Trial 29 finished with value: 0.72 and parameters: {'w_sim': 0.9599477616875314, 'w_rating': 0.2778384530890622, 'w_discount': 0.2903361207486537}. Best is trial 25 with value: 0.804.[0m
[32m[I 2026-06-26 08:51:57,188][0m Trial 30 finished with value: 0.8080000000000002 and parameters: {'w_sim': 0.5591476243916406, 'w_rating': 0.08672820721987218, 'w_discount': 0.08087328840025305}. Best is trial 30 with value: 0.8080000000000002.[0m
[32m[I 2026-06-26 08:51:57,369][0m Trial 31 finished with value: 0.804 and parameters: {'w_sim': 0.6943498177990787, 'w_rating': 0.08200304423674974, 'w_discount': 0.07989272083245051}. Best is trial 30 with value: 0.8080000000000002.[0m
[32m[I 2026-06-26 08:51:57,493][0m Trial 32 finished with value: 0.7720000000000001 and parameters: {'w_sim': 0.6926607664054492, 'w_rating': 0.08443728020245568, 'w_discount': 0.18277624303875334}. Best is trial 30 with value: 0.8080000000000002.[0m
[32m[I 2026-06-26 08:51:57,602][0m Trial 33 finished with value: 0.18400000000000002 and parameters: {'w_sim': 0.5556517188141955, 'w_rating': 0.1805963052438731, 'w_discount': 0.8215481143465154}. Best is trial 30 with value: 0.8080000000000002.[0m
[32m[I 2026-06-26 08:51:57,716][0m Trial 34 finished with value: 0.8240000000000002 and parameters: {'w_sim': 0.8756539790985121, 'w_rating': 0.07044789387213135, 'w_discount': 0.07296254840404869}. Best is trial 34 with value: 0.8240000000000002.[0m
[32m[I 2026-06-26 08:51:57,825][0m Trial 35 finished with value: 0.8080000000000002 and parameters: {'w_sim': 0.877663223096949, 'w_rating': 0.16312720085421994, 'w_discount': 0.06982206791468906}. Best is trial 34 with value: 0.8240000000000002.[0m
[32m[I 2026-06-26 08:51:57,936][0m Trial 36 finished with value: 0.792 and parameters: {'w_sim': 0.9089562286787507, 'w_rating': 0.14214107287910036, 'w_discount': 0.1585143064790176}. Best is trial 34 with value: 0.8240000000000002.[0m
[32m[I 2026-06-26 08:51:58,044][0m Trial 37 finished with value: 0.804 and parameters: {'w_sim': 0.8476508698779784, 'w_rating': 0.23321059015380668, 'w_discount': 0.06125723591157059}. Best is trial 34 with value: 0.8240000000000002.[0m
[32m[I 2026-06-26 08:51:58,257][0m Trial 38 finished with value: 0.608 and parameters: {'w_sim': 0.8526058268310301, 'w_rating': 0.3185972859988111, 'w_discount': 0.3668654886965239}. Best is trial 34 with value: 0.8240000000000002.[0m
[32m[I 2026-06-26 08:51:58,374][0m Trial 39 finished with value: 0.716 and parameters: {'w_sim': 0.9886782326603903, 'w_rating': 0.2085828966814599, 'w_discount': 0.308188355482339}. Best is trial 34 with value: 0.8240000000000002.[0m
[32m[I 2026-06-26 08:51:58,489][0m Trial 40 finished with value: 0.204 and parameters: {'w_sim': 0.66014025262168, 'w_rating': 0.05514475746507922, 'w_discount': 0.8642057322772962}. Best is trial 34 with value: 0.8240000000000002.[0m
[32m[I 2026-06-26 08:51:58,610][0m Trial 41 finished with value: 0.8120000000000002 and parameters: {'w_sim': 0.7283608701038833, 'w_rating': 0.1469693985131938, 'w_discount': 0.06184574013518011}. Best is trial 34 with value: 0.8240000000000002.[0m
[32m[I 2026-06-26 08:51:58,721][0m Trial 42 finished with value: 0.8080000000000002 and parameters: {'w_sim': 0.8822487891799786, 'w_rating': 0.15727740295287174, 'w_discount': 0.053640774088576273}. Best is trial 34 with value: 0.8240000000000002.[0m
[32m[I 2026-06-26 08:51:58,833][0m Trial 43 finished with value: 0.8080000000000002 and parameters: {'w_sim': 0.8606470946221189, 'w_rating': 0.13709390974160923, 'w_discount': 0.04788511001728693}. Best is trial 34 with value: 0.8240000000000002.[0m
[32m[I 2026-06-26 08:51:58,939][0m Trial 44 finished with value: 0.804 and parameters: {'w_sim': 0.9010902810530328, 'w_rating': 0.060379064504179354, 'w_discount': 0.14084091264264492}. Best is trial 34 with value: 0.8240000000000002.[0m
[32m[I 2026-06-26 08:51:59,047][0m Trial 45 finished with value: 0.6880000000000002 and parameters: {'w_sim': 0.7513843241599174, 'w_rating': 0.15686497286245715, 'w_discount': 0.26132345089634323}. Best is trial 34 with value: 0.8240000000000002.[0m
[32m[I 2026-06-26 08:51:59,155][0m Trial 46 finished with value: 0.792 and parameters: {'w_sim': 0.8026914209538504, 'w_rating': 0.0012895099319952114, 'w_discount': 0.1963683974236238}. Best is trial 34 with value: 0.8240000000000002.[0m
[32m[I 2026-06-26 08:51:59,263][0m Trial 47 finished with value: 0.8160000000000001 and parameters: {'w_sim': 0.9444942292640799, 'w_rating': 0.09626901566814633, 'w_discount': 0.042733505973535146}. Best is trial 34 with value: 0.8240000000000002.[0m
[32m[I 2026-06-26 08:51:59,373][0m Trial 48 finished with value: 0.8200000000000002 and parameters: {'w_sim': 0.9932856186191032, 'w_rating': 0.09812959891141312, 'w_discount': 0.03425682813931059}. Best is trial 34 with value: 0.8240000000000002.[0m
[32m[I 2026-06-26 08:51:59,483][0m Trial 49 finished with value: 0.4 and parameters: {'w_sim': 0.953483826822627, 'w_rating': 0.07512654444599542, 'w_discount': 0.6307428015718337}. Best is trial 34 with value: 0.8240000000000002.[0m
