⏳ Initializing Multi-Modal Hybrid Recommender Engine...
Warning: You are sending unauthenticated requests to the HF Hub. Please set a HF_TOKEN to enable higher rate limits and faster downloads.
Loading weights: 100%|████████████████████████████████████| 103/103 [00:00<00:00, 10970.37it/s]
🔮 Generating 10 K-Means clusters for structural catalog grouping...
🖼️ Aligning multi-modal visual representation vector spaces...
🎉 Hybrid Engine active! Balanced multi-modal sorting online.
[32m[I 2026-06-25 02:24:54,312][0m A new study created in memory with name: no-name-76a982eb-2d58-4643-9ea1-358a44ff510c[0m
[32m[I 2026-06-25 02:24:54,341][0m Trial 0 finished with value: 0.0 and parameters: {'w_text': 0.48796864703656295, 'w_rating': 0.6572734503221566, 'w_discount': 0.02159705917674326}. Best is trial 0 with value: 0.0.[0m
[32m[I 2026-06-25 02:24:54,360][0m Trial 1 finished with value: 0.0 and parameters: {'w_text': 0.3807062009885437, 'w_rating': 0.20723855377523226, 'w_discount': 0.9206614122089095}. Best is trial 0 with value: 0.0.[0m
[32m[I 2026-06-25 02:24:54,380][0m Trial 2 finished with value: 0.0 and parameters: {'w_text': 0.2150223818995397, 'w_rating': 0.8581725964982384, 'w_discount': 0.7391877082259396}. Best is trial 0 with value: 0.0.[0m
[32m[I 2026-06-25 02:24:54,398][0m Trial 3 finished with value: 0.0 and parameters: {'w_text': 0.3167174202384566, 'w_rating': 0.27668226684209474, 'w_discount': 0.792097242907169}. Best is trial 0 with value: 0.0.[0m
[32m[I 2026-06-25 02:24:54,418][0m Trial 4 finished with value: 0.0 and parameters: {'w_text': 0.14357672830142587, 'w_rating': 0.8336919680642597, 'w_discount': 0.6657714515915765}. Best is trial 0 with value: 0.0.[0m
[32m[I 2026-06-25 02:24:54,437][0m Trial 5 finished with value: 0.0 and parameters: {'w_text': 0.7305856375194975, 'w_rating': 0.31273237855342995, 'w_discount': 0.06743936232849523}. Best is trial 0 with value: 0.0.[0m
[32m[I 2026-06-25 02:24:54,455][0m Trial 6 finished with value: 0.0 and parameters: {'w_text': 0.44924900183130645, 'w_rating': 0.3874624536260395, 'w_discount': 0.975695224336964}. Best is trial 0 with value: 0.0.[0m
[32m[I 2026-06-25 02:24:54,472][0m Trial 7 finished with value: 0.0 and parameters: {'w_text': 0.7375255902985886, 'w_rating': 0.7557135187054989, 'w_discount': 0.9048465359190224}. Best is trial 0 with value: 0.0.[0m
[32m[I 2026-06-25 02:24:54,490][0m Trial 8 finished with value: 0.0 and parameters: {'w_text': 0.0890151209579767, 'w_rating': 0.40036246664835595, 'w_discount': 0.01568927881236193}. Best is trial 0 with value: 0.0.[0m
[32m[I 2026-06-25 02:24:54,509][0m Trial 9 finished with value: 0.0 and parameters: {'w_text': 0.9723156020916598, 'w_rating': 0.5966512626119416, 'w_discount': 0.6989649277765961}. Best is trial 0 with value: 0.0.[0m
[32m[I 2026-06-25 02:24:54,528][0m Trial 10 finished with value: 0.0 and parameters: {'w_text': 0.6117909463719516, 'w_rating': 0.006830317600170055, 'w_discount': 0.3417226650137036}. Best is trial 0 with value: 0.0.[0m
[32m[I 2026-06-25 02:24:54,547][0m Trial 11 finished with value: 0.0 and parameters: {'w_text': 0.41603808849891105, 'w_rating': 0.020801339418276943, 'w_discount': 0.4380768666331595}. Best is trial 0 with value: 0.0.[0m
[32m[I 2026-06-25 02:24:54,564][0m Trial 12 finished with value: 0.0 and parameters: {'w_text': 0.5598072429195705, 'w_rating': 0.571519052584895, 'w_discount': 0.2898491555325718}. Best is trial 0 with value: 0.0.[0m
[32m[I 2026-06-25 02:24:54,582][0m Trial 13 finished with value: 0.0 and parameters: {'w_text': 0.3045238445709214, 'w_rating': 0.9790854776103066, 'w_discount': 0.17674882965491068}. Best is trial 0 with value: 0.0.[0m
[32m[I 2026-06-25 02:24:54,599][0m Trial 14 finished with value: 0.0 and parameters: {'w_text': 0.5022247528460555, 'w_rating': 0.15339671810432232, 'w_discount': 0.5094431318406265}. Best is trial 0 with value: 0.0.[0m
[32m[I 2026-06-25 02:24:54,616][0m Trial 15 finished with value: 0.0 and parameters: {'w_text': 0.6777167082492159, 'w_rating': 0.6144244644817061, 'w_discount': 0.6048345114228802}. Best is trial 0 with value: 0.0.[0m
[32m[I 2026-06-25 02:24:54,634][0m Trial 16 finished with value: 0.0 and parameters: {'w_text': 0.37087879233134113, 'w_rating': 0.17456728183116027, 'w_discount': 0.1760766459477024}. Best is trial 0 with value: 0.0.[0m
[32m[I 2026-06-25 02:24:54,651][0m Trial 17 finished with value: 0.0 and parameters: {'w_text': 0.011129801091685654, 'w_rating': 0.4638633275059887, 'w_discount': 0.8433575168838021}. Best is trial 0 with value: 0.0.[0m
[32m[I 2026-06-25 02:24:54,668][0m Trial 18 finished with value: 0.0 and parameters: {'w_text': 0.9171437402034847, 'w_rating': 0.7313253395772416, 'w_discount': 0.49443042233268936}. Best is trial 0 with value: 0.0.[0m
[32m[I 2026-06-25 02:24:54,685][0m Trial 19 finished with value: 0.0 and parameters: {'w_text': 0.8212734843453424, 'w_rating': 0.5095343683047094, 'w_discount': 0.30453298173632315}. Best is trial 0 with value: 0.0.[0m
[32m[I 2026-06-25 02:24:54,702][0m Trial 20 finished with value: 0.0 and parameters: {'w_text': 0.23560117640672532, 'w_rating': 0.16052527380701442, 'w_discount': 0.989958318162623}. Best is trial 0 with value: 0.0.[0m
[32m[I 2026-06-25 02:24:54,719][0m Trial 21 finished with value: 0.0 and parameters: {'w_text': 0.2060832831318583, 'w_rating': 0.9948797883552456, 'w_discount': 0.7700266387614654}. Best is trial 0 with value: 0.0.[0m
[32m[I 2026-06-25 02:24:54,737][0m Trial 22 finished with value: 0.0 and parameters: {'w_text': 0.4944207268108471, 'w_rating': 0.893569447817693, 'w_discount': 0.8983472697219468}. Best is trial 0 with value: 0.0.[0m
[32m[I 2026-06-25 02:24:54,754][0m Trial 23 finished with value: 0.0 and parameters: {'w_text': 0.29959398593484976, 'w_rating': 0.6920797803730961, 'w_discount': 0.5914828365044255}. Best is trial 0 with value: 0.0.[0m
[32m[I 2026-06-25 02:24:54,771][0m Trial 24 finished with value: 0.0 and parameters: {'w_text': 0.3686543899654152, 'w_rating': 0.8458889639038994, 'w_discount': 0.7335878554778283}. Best is trial 0 with value: 0.0.[0m
[32m[I 2026-06-25 02:24:54,789][0m Trial 25 finished with value: 0.0 and parameters: {'w_text': 0.19768532362125674, 'w_rating': 0.8925782226929213, 'w_discount': 0.8615153221324527}. Best is trial 0 with value: 0.0.[0m
[32m[I 2026-06-25 02:24:54,806][0m Trial 26 finished with value: 0.0 and parameters: {'w_text': 0.5816533432467988, 'w_rating': 0.7812365326076999, 'w_discount': 0.4184828638594349}. Best is trial 0 with value: 0.0.[0m
[32m[I 2026-06-25 02:24:54,824][0m Trial 27 finished with value: 0.0 and parameters: {'w_text': 0.10432684251766083, 'w_rating': 0.6867311134324703, 'w_discount': 0.16449538928769694}. Best is trial 0 with value: 0.0.[0m
[32m[I 2026-06-25 02:24:54,841][0m Trial 28 finished with value: 0.0 and parameters: {'w_text': 0.25952647619780134, 'w_rating': 0.9145114791842284, 'w_discount': 0.9429547383330223}. Best is trial 0 with value: 0.0.[0m
[32m[I 2026-06-25 02:24:54,858][0m Trial 29 finished with value: 0.0 and parameters: {'w_text': 0.33735886203585463, 'w_rating': 0.22637987598060438, 'w_discount': 0.8445430098388336}. Best is trial 0 with value: 0.0.[0m
[32m[I 2026-06-25 02:24:54,875][0m Trial 30 finished with value: 0.0 and parameters: {'w_text': 0.4458387091044019, 'w_rating': 0.07200090657646607, 'w_discount': 0.7991425489690661}. Best is trial 0 with value: 0.0.[0m
[32m[I 2026-06-25 02:24:54,893][0m Trial 31 finished with value: 0.0 and parameters: {'w_text': 0.15033002301565535, 'w_rating': 0.2652973786065375, 'w_discount': 0.7949091612245468}. Best is trial 0 with value: 0.0.[0m
[32m[I 2026-06-25 02:24:54,910][0m Trial 32 finished with value: 0.0 and parameters: {'w_text': 0.26681941002304876, 'w_rating': 0.35463636494533274, 'w_discount': 0.6773005756848894}. Best is trial 0 with value: 0.0.[0m
[32m[I 2026-06-25 02:24:54,928][0m Trial 33 finished with value: 0.0 and parameters: {'w_text': 0.39785803464570774, 'w_rating': 0.29778864684448436, 'w_discount': 0.5913089635788109}. Best is trial 0 with value: 0.0.[0m
[32m[I 2026-06-25 02:24:54,945][0m Trial 34 finished with value: 0.0 and parameters: {'w_text': 0.5070458848382341, 'w_rating': 0.448144586881543, 'w_discount': 0.9175228773122908}. Best is trial 0 with value: 0.0.[0m
[32m[I 2026-06-25 02:24:54,962][0m Trial 35 finished with value: 0.0 and parameters: {'w_text': 0.32215187077070423, 'w_rating': 0.09127907159897602, 'w_discount': 0.9990206010891275}. Best is trial 0 with value: 0.0.[0m
[32m[I 2026-06-25 02:24:54,980][0m Trial 36 finished with value: 0.0 and parameters: {'w_text': 0.16650646566879101, 'w_rating': 0.3444055988857827, 'w_discount': 0.7384260670372198}. Best is trial 0 with value: 0.0.[0m
[32m[I 2026-06-25 02:24:54,997][0m Trial 37 finished with value: 0.0 and parameters: {'w_text': 0.006686152704874604, 'w_rating': 0.8090681481306332, 'w_discount': 0.0658365460726349}. Best is trial 0 with value: 0.0.[0m
[32m[I 2026-06-25 02:24:55,014][0m Trial 38 finished with value: 0.0 and parameters: {'w_text': 0.10087659119507228, 'w_rating': 0.5360063250929522, 'w_discount': 0.6292256083008252}. Best is trial 0 with value: 0.0.[0m
[32m[I 2026-06-25 02:24:55,031][0m Trial 39 finished with value: 0.0 and parameters: {'w_text': 0.6324107890212041, 'w_rating': 0.6333283481898635, 'w_discount': 0.5240629318562018}. Best is trial 0 with value: 0.0.[0m
[32m[I 2026-06-25 02:24:55,049][0m Trial 40 finished with value: 0.0 and parameters: {'w_text': 0.45973746590511794, 'w_rating': 0.2385184325444193, 'w_discount': 0.007112782639127624}. Best is trial 0 with value: 0.0.[0m
[32m[I 2026-06-25 02:24:55,066][0m Trial 41 finished with value: 0.0 and parameters: {'w_text': 0.05314874719700974, 'w_rating': 0.8613257447407129, 'w_discount': 0.6772024098743092}. Best is trial 0 with value: 0.0.[0m
[32m[I 2026-06-25 02:24:55,084][0m Trial 42 finished with value: 0.0 and parameters: {'w_text': 0.14789460685645792, 'w_rating': 0.9321482954559974, 'w_discount': 0.8519831097977008}. Best is trial 0 with value: 0.0.[0m
[32m[I 2026-06-25 02:24:55,101][0m Trial 43 finished with value: 0.0 and parameters: {'w_text': 0.41543438457814363, 'w_rating': 0.8312374045605596, 'w_discount': 0.931739119205628}. Best is trial 0 with value: 0.0.[0m
[32m[I 2026-06-25 02:24:55,118][0m Trial 44 finished with value: 0.0 and parameters: {'w_text': 0.2846993738424627, 'w_rating': 0.7505474257199197, 'w_discount': 0.3855747077291583}. Best is trial 0 with value: 0.0.[0m
[32m[I 2026-06-25 02:24:55,135][0m Trial 45 finished with value: 0.0 and parameters: {'w_text': 0.5331316602214939, 'w_rating': 0.41076782367417425, 'w_discount': 0.22950162545225583}. Best is trial 0 with value: 0.0.[0m
[32m[I 2026-06-25 02:24:55,152][0m Trial 46 finished with value: 0.0 and parameters: {'w_text': 0.23148455187256284, 'w_rating': 0.6692743340963206, 'w_discount': 0.732212845155204}. Best is trial 0 with value: 0.0.[0m
[32m[I 2026-06-25 02:24:55,170][0m Trial 47 finished with value: 0.0 and parameters: {'w_text': 0.3836103212225096, 'w_rating': 0.11710703874669412, 'w_discount': 0.07792353787085826}. Best is trial 0 with value: 0.0.[0m
[32m[I 2026-06-25 02:24:55,187][0m Trial 48 finished with value: 0.0 and parameters: {'w_text': 0.05462617975432375, 'w_rating': 0.9368432656182801, 'w_discount': 0.55050897959793}. Best is trial 0 with value: 0.0.[0m
[32m[I 2026-06-25 02:24:55,204][0m Trial 49 finished with value: 0.0 and parameters: {'w_text': 0.7335376065111334, 'w_rating': 0.7938726272645447, 'w_discount': 0.6472650827887428}. Best is trial 0 with value: 0.0.[0m
