⏳ Initializing Multi-Modal Hybrid Recommender Engine...
Warning: You are sending unauthenticated requests to the HF Hub. Please set a HF_TOKEN to enable higher rate limits and faster downloads.
Loading weights: 100%|█████████████████████████████████████| 103/103 [00:00<00:00, 5209.06it/s]
🔮 Generating 10 K-Means clusters for structural catalog grouping...
🖼️ Aligning multi-modal visual representation vector spaces...
🎉 Hybrid Engine active! Balanced multi-modal sorting online.
[32m[I 2026-06-26 08:57:43,029][0m A new study created in memory with name: no-name-f8e4cbc7-6105-4360-bf12-8e1b3cc3b2ab[0m
[32m[I 2026-06-26 08:57:43,175][0m Trial 0 finished with value: 0.7480000000000001 and parameters: {'w_sim': 0.7046441217067219, 'w_rating': 0.933928300216398, 'w_discount': 0.13994202289826618}. Best is trial 0 with value: 0.7480000000000001.[0m
[32m[I 2026-06-26 08:57:43,294][0m Trial 1 finished with value: 0.37199999999999994 and parameters: {'w_sim': 0.8322127579991223, 'w_rating': 0.23666674131582432, 'w_discount': 0.58352000373384}. Best is trial 0 with value: 0.7480000000000001.[0m
[32m[I 2026-06-26 08:57:43,402][0m Trial 2 finished with value: 0.276 and parameters: {'w_sim': 0.9703031660537602, 'w_rating': 0.9095711373753919, 'w_discount': 0.8259788323798859}. Best is trial 0 with value: 0.7480000000000001.[0m
[32m[I 2026-06-26 08:57:43,510][0m Trial 3 finished with value: 0.42800000000000005 and parameters: {'w_sim': 0.7774556711427077, 'w_rating': 0.28518213350870003, 'w_discount': 0.48400666824186966}. Best is trial 0 with value: 0.7480000000000001.[0m
[32m[I 2026-06-26 08:57:43,626][0m Trial 4 finished with value: 0.21600000000000003 and parameters: {'w_sim': 0.7047287398272338, 'w_rating': 0.7085659618464839, 'w_discount': 0.7987485167396284}. Best is trial 0 with value: 0.7480000000000001.[0m
[32m[I 2026-06-26 08:57:43,735][0m Trial 5 finished with value: 0.7440000000000001 and parameters: {'w_sim': 0.9659168819445858, 'w_rating': 0.1171071498375369, 'w_discount': 0.26829141869763606}. Best is trial 0 with value: 0.7480000000000001.[0m
[32m[I 2026-06-26 08:57:43,840][0m Trial 6 finished with value: 0.055999999999999994 and parameters: {'w_sim': 0.13254852854178167, 'w_rating': 0.004101167932274663, 'w_discount': 0.6191968430579837}. Best is trial 0 with value: 0.7480000000000001.[0m
[32m[I 2026-06-26 08:57:43,945][0m Trial 7 finished with value: 0.092 and parameters: {'w_sim': 0.03438840633069806, 'w_rating': 0.2351537001392091, 'w_discount': 0.3254023058413652}. Best is trial 0 with value: 0.7480000000000001.[0m
[32m[I 2026-06-26 08:57:44,055][0m Trial 8 finished with value: 0.084 and parameters: {'w_sim': 0.14528363824551982, 'w_rating': 0.44168426239984415, 'w_discount': 0.58418466268805}. Best is trial 0 with value: 0.7480000000000001.[0m
[32m[I 2026-06-26 08:57:44,162][0m Trial 9 finished with value: 0.26 and parameters: {'w_sim': 0.7650545975254953, 'w_rating': 0.0734540753970373, 'w_discount': 0.7883659453419887}. Best is trial 0 with value: 0.7480000000000001.[0m
[32m[I 2026-06-26 08:57:44,268][0m Trial 10 finished with value: 0.7760000000000001 and parameters: {'w_sim': 0.47456975494151943, 'w_rating': 0.5650930327121009, 'w_discount': 0.03201536139920391}. Best is trial 10 with value: 0.7760000000000001.[0m
[32m[I 2026-06-26 08:57:44,374][0m Trial 11 finished with value: 0.7520000000000002 and parameters: {'w_sim': 0.4897849499068594, 'w_rating': 0.9742272214141157, 'w_discount': 0.00039429851229731694}. Best is trial 10 with value: 0.7760000000000001.[0m
[32m[I 2026-06-26 08:57:44,480][0m Trial 12 finished with value: 0.7760000000000001 and parameters: {'w_sim': 0.44813721589594385, 'w_rating': 0.6440456432209634, 'w_discount': 0.0037877409387747085}. Best is trial 10 with value: 0.7760000000000001.[0m
[32m[I 2026-06-26 08:57:44,588][0m Trial 13 finished with value: 0.7760000000000001 and parameters: {'w_sim': 0.4522593094107343, 'w_rating': 0.5851725880684224, 'w_discount': 0.010135676382558845}. Best is trial 10 with value: 0.7760000000000001.[0m
[32m[I 2026-06-26 08:57:44,724][0m Trial 14 finished with value: 0.616 and parameters: {'w_sim': 0.41820090294750684, 'w_rating': 0.7071549171498894, 'w_discount': 0.17131359094834075}. Best is trial 10 with value: 0.7760000000000001.[0m
[32m[I 2026-06-26 08:57:44,841][0m Trial 15 finished with value: 0.6 and parameters: {'w_sim': 0.2979067212577375, 'w_rating': 0.48425434448678395, 'w_discount': 0.13493065001327184}. Best is trial 10 with value: 0.7760000000000001.[0m
[32m[I 2026-06-26 08:57:44,966][0m Trial 16 finished with value: 0.46 and parameters: {'w_sim': 0.6032313673405307, 'w_rating': 0.7686087748162884, 'w_discount': 0.3472724622741757}. Best is trial 10 with value: 0.7760000000000001.[0m
[32m[I 2026-06-26 08:57:45,082][0m Trial 17 finished with value: 0.064 and parameters: {'w_sim': 0.30087910757723835, 'w_rating': 0.5373665714864124, 'w_discount': 0.98744634281767}. Best is trial 10 with value: 0.7760000000000001.[0m
[32m[I 2026-06-26 08:57:45,198][0m Trial 18 finished with value: 0.7880000000000001 and parameters: {'w_sim': 0.5744958630454654, 'w_rating': 0.3800566764208062, 'w_discount': 0.07403687556956545}. Best is trial 18 with value: 0.7880000000000001.[0m
[32m[I 2026-06-26 08:57:45,320][0m Trial 19 finished with value: 0.664 and parameters: {'w_sim': 0.5922675630410877, 'w_rating': 0.3810288872103288, 'w_discount': 0.22369967262626014}. Best is trial 18 with value: 0.7880000000000001.[0m
[32m[I 2026-06-26 08:57:45,442][0m Trial 20 finished with value: 0.684 and parameters: {'w_sim': 0.30119752911848074, 'w_rating': 0.3561654399631403, 'w_discount': 0.10088328892292651}. Best is trial 18 with value: 0.7880000000000001.[0m
[32m[I 2026-06-26 08:57:45,566][0m Trial 21 finished with value: 0.78 and parameters: {'w_sim': 0.5357522851038031, 'w_rating': 0.6091900930142429, 'w_discount': 0.05481969775679485}. Best is trial 18 with value: 0.7880000000000001.[0m
[32m[I 2026-06-26 08:57:45,686][0m Trial 22 finished with value: 0.78 and parameters: {'w_sim': 0.5675639923964183, 'w_rating': 0.8064868944097032, 'w_discount': 0.08277974015742852}. Best is trial 18 with value: 0.7880000000000001.[0m
[32m[I 2026-06-26 08:57:45,804][0m Trial 23 finished with value: 0.584 and parameters: {'w_sim': 0.5576552155257765, 'w_rating': 0.8391647566930717, 'w_discount': 0.2473582305647235}. Best is trial 18 with value: 0.7880000000000001.[0m
[32m[I 2026-06-26 08:57:45,942][0m Trial 24 finished with value: 0.78 and parameters: {'w_sim': 0.645915622493478, 'w_rating': 0.8343575940325689, 'w_discount': 0.08794054923662842}. Best is trial 18 with value: 0.7880000000000001.[0m
[32m[I 2026-06-26 08:57:46,208][0m Trial 25 finished with value: 0.284 and parameters: {'w_sim': 0.374327605291124, 'w_rating': 0.6533146004252374, 'w_discount': 0.34469574285729293}. Best is trial 18 with value: 0.7880000000000001.[0m
[32m[I 2026-06-26 08:57:46,334][0m Trial 26 finished with value: 0.66 and parameters: {'w_sim': 0.5529469283224104, 'w_rating': 0.792010215752591, 'w_discount': 0.193584266746137}. Best is trial 18 with value: 0.7880000000000001.[0m
[32m[I 2026-06-26 08:57:46,454][0m Trial 27 finished with value: 0.536 and parameters: {'w_sim': 0.8941550663032918, 'w_rating': 0.4493711767632167, 'w_discount': 0.44604083146014895}. Best is trial 18 with value: 0.7880000000000001.[0m
[32m[I 2026-06-26 08:57:46,574][0m Trial 28 finished with value: 0.78 and parameters: {'w_sim': 0.6663602027957213, 'w_rating': 0.6197086123028077, 'w_discount': 0.06616429759946978}. Best is trial 18 with value: 0.7880000000000001.[0m
[32m[I 2026-06-26 08:57:46,685][0m Trial 29 finished with value: 0.5960000000000001 and parameters: {'w_sim': 0.3704430524176575, 'w_rating': 0.9120314540564165, 'w_discount': 0.1494876656390835}. Best is trial 18 with value: 0.7880000000000001.[0m
[32m[I 2026-06-26 08:57:46,858][0m Trial 30 finished with value: 0.752 and parameters: {'w_sim': 0.5191425161593692, 'w_rating': 0.7279823450492259, 'w_discount': 0.10494865899301634}. Best is trial 18 with value: 0.7880000000000001.[0m
[32m[I 2026-06-26 08:57:46,975][0m Trial 31 finished with value: 0.78 and parameters: {'w_sim': 0.6495990005293262, 'w_rating': 0.8687036815371038, 'w_discount': 0.08264003131206998}. Best is trial 18 with value: 0.7880000000000001.[0m
[32m[I 2026-06-26 08:57:47,095][0m Trial 32 finished with value: 0.78 and parameters: {'w_sim': 0.753925473254918, 'w_rating': 0.7964020345832322, 'w_discount': 0.07891442311327182}. Best is trial 18 with value: 0.7880000000000001.[0m
[32m[I 2026-06-26 08:57:47,211][0m Trial 33 finished with value: 0.732 and parameters: {'w_sim': 0.6597213279798536, 'w_rating': 0.9940942772967423, 'w_discount': 0.17056156211132403}. Best is trial 18 with value: 0.7880000000000001.[0m
[32m[I 2026-06-26 08:57:47,325][0m Trial 34 finished with value: 0.676 and parameters: {'w_sim': 0.8278922950453862, 'w_rating': 0.2143284658654317, 'w_discount': 0.29337890260752014}. Best is trial 18 with value: 0.7880000000000001.[0m
[32m[I 2026-06-26 08:57:47,436][0m Trial 35 finished with value: 0.684 and parameters: {'w_sim': 0.6192740837971894, 'w_rating': 0.8718871067036346, 'w_discount': 0.1996712351511225}. Best is trial 18 with value: 0.7880000000000001.[0m
[32m[I 2026-06-26 08:57:47,552][0m Trial 36 finished with value: 0.78 and parameters: {'w_sim': 0.5317044382092498, 'w_rating': 0.5050408172497428, 'w_discount': 0.06489813220733825}. Best is trial 18 with value: 0.7880000000000001.[0m
[32m[I 2026-06-26 08:57:47,670][0m Trial 37 finished with value: 0.46399999999999997 and parameters: {'w_sim': 0.7039145101088145, 'w_rating': 0.29614723967825174, 'w_discount': 0.4191107086908971}. Best is trial 18 with value: 0.7880000000000001.[0m
[32m[I 2026-06-26 08:57:47,784][0m Trial 38 finished with value: 0.764 and parameters: {'w_sim': 0.7185008911686586, 'w_rating': 0.6814839876490206, 'w_discount': 0.13078993353461132}. Best is trial 18 with value: 0.7880000000000001.[0m
[32m[I 2026-06-26 08:57:47,900][0m Trial 39 finished with value: 0.6960000000000001 and parameters: {'w_sim': 0.8006723856943918, 'w_rating': 0.9381060108531307, 'w_discount': 0.25361258267138015}. Best is trial 18 with value: 0.7880000000000001.[0m
[32m[I 2026-06-26 08:57:48,035][0m Trial 40 finished with value: 0.804 and parameters: {'w_sim': 0.8939777258305913, 'w_rating': 0.15698260289515978, 'w_discount': 0.04000779622656343}. Best is trial 40 with value: 0.804.[0m
[32m[I 2026-06-26 08:57:48,171][0m Trial 41 finished with value: 0.8080000000000002 and parameters: {'w_sim': 0.9351050554821743, 'w_rating': 0.1640145941358969, 'w_discount': 0.05727027657949746}. Best is trial 41 with value: 0.8080000000000002.[0m
[32m[I 2026-06-26 08:57:48,311][0m Trial 42 finished with value: 0.8039999999999999 and parameters: {'w_sim': 0.9972815606293215, 'w_rating': 0.18162947010647715, 'w_discount': 0.0375713493577274}. Best is trial 41 with value: 0.8080000000000002.[0m
[32m[I 2026-06-26 08:57:48,439][0m Trial 43 finished with value: 0.8079999999999999 and parameters: {'w_sim': 0.9933903343621835, 'w_rating': 0.1444501099594535, 'w_discount': 0.022033770516023725}. Best is trial 41 with value: 0.8080000000000002.[0m
[32m[I 2026-06-26 08:57:48,563][0m Trial 44 finished with value: 0.8039999999999999 and parameters: {'w_sim': 0.9990775967764375, 'w_rating': 0.1646801794077609, 'w_discount': 0.03291169766487691}. Best is trial 41 with value: 0.8080000000000002.[0m
[32m[I 2026-06-26 08:57:48,681][0m Trial 45 finished with value: 0.8039999999999999 and parameters: {'w_sim': 0.9946803235370512, 'w_rating': 0.164866845617601, 'w_discount': 0.020260325115134502}. Best is trial 41 with value: 0.8080000000000002.[0m
[32m[I 2026-06-26 08:57:48,797][0m Trial 46 finished with value: 0.8200000000000002 and parameters: {'w_sim': 0.9167412901764631, 'w_rating': 0.06922243044220423, 'w_discount': 0.03545908932454141}. Best is trial 46 with value: 0.8200000000000002.[0m
[32m[I 2026-06-26 08:57:49,049][0m Trial 47 finished with value: 0.8160000000000001 and parameters: {'w_sim': 0.9028616731258126, 'w_rating': 0.002698149136698927, 'w_discount': 0.13221782731226042}. Best is trial 46 with value: 0.8200000000000002.[0m
[32m[I 2026-06-26 08:57:49,393][0m Trial 48 finished with value: 0.8160000000000001 and parameters: {'w_sim': 0.914148652671851, 'w_rating': 0.00869037761882474, 'w_discount': 0.14947256098436879}. Best is trial 46 with value: 0.8200000000000002.[0m
[32m[I 2026-06-26 08:57:49,547][0m Trial 49 finished with value: 0.8160000000000001 and parameters: {'w_sim': 0.9189255466795684, 'w_rating': 0.0008661138552289727, 'w_discount': 0.14265711495134376}. Best is trial 46 with value: 0.8200000000000002.[0m
