⏳ Initializing Multi-Modal Hybrid Recommender Engine...
Warning: You are sending unauthenticated requests to the HF Hub. Please set a HF_TOKEN to enable higher rate limits and faster downloads.
Loading weights: 100%|█████████████████████████████████████| 103/103 [00:00<00:00, 9159.62it/s]
🔮 Generating 10 K-Means clusters for structural catalog grouping...
🖼️ Aligning multi-modal visual representation vector spaces...
🎉 Hybrid Engine active! Balanced multi-modal sorting online.
[32m[I 2026-06-25 02:24:32,999][0m A new study created in memory with name: no-name-68a5a448-450e-43af-8c39-b2228c3c4333[0m
[32m[I 2026-06-25 02:24:33,050][0m Trial 0 finished with value: 0.0 and parameters: {'w_text': 0.48286307846239807, 'w_rating': 0.4858133739591344, 'w_discount': 0.8624322959286039}. Best is trial 0 with value: 0.0.[0m
[32m[I 2026-06-25 02:24:33,087][0m Trial 1 finished with value: 0.0 and parameters: {'w_text': 0.3649646746008879, 'w_rating': 0.8302309435729631, 'w_discount': 0.27286757499012004}. Best is trial 0 with value: 0.0.[0m
[32m[I 2026-06-25 02:24:33,131][0m Trial 2 finished with value: 0.0 and parameters: {'w_text': 0.4974056518312515, 'w_rating': 0.31783116662711486, 'w_discount': 0.9996930079092059}. Best is trial 0 with value: 0.0.[0m
[32m[I 2026-06-25 02:24:33,152][0m Trial 3 finished with value: 0.0 and parameters: {'w_text': 0.4823452223749598, 'w_rating': 0.018895132569349715, 'w_discount': 0.32693315804318346}. Best is trial 0 with value: 0.0.[0m
[32m[I 2026-06-25 02:24:33,173][0m Trial 4 finished with value: 0.0 and parameters: {'w_text': 0.5774981210658832, 'w_rating': 0.90635720250591, 'w_discount': 0.21618940109174134}. Best is trial 0 with value: 0.0.[0m
[32m[I 2026-06-25 02:24:33,194][0m Trial 5 finished with value: 0.0 and parameters: {'w_text': 0.18890012974664883, 'w_rating': 0.1316521676535013, 'w_discount': 0.3201169485294969}. Best is trial 0 with value: 0.0.[0m
[32m[I 2026-06-25 02:24:33,212][0m Trial 6 finished with value: 0.0 and parameters: {'w_text': 0.4780483805464373, 'w_rating': 0.8744083387483811, 'w_discount': 0.379244681697117}. Best is trial 0 with value: 0.0.[0m
[32m[I 2026-06-25 02:24:33,229][0m Trial 7 finished with value: 0.0 and parameters: {'w_text': 0.2839955185998593, 'w_rating': 0.6540711964937461, 'w_discount': 0.2796219432047645}. Best is trial 0 with value: 0.0.[0m
[32m[I 2026-06-25 02:24:33,249][0m Trial 8 finished with value: 0.0 and parameters: {'w_text': 0.6092447215457025, 'w_rating': 0.414056035848575, 'w_discount': 0.19965234059526227}. Best is trial 0 with value: 0.0.[0m
[32m[I 2026-06-25 02:24:33,266][0m Trial 9 finished with value: 0.0 and parameters: {'w_text': 0.2900136262578362, 'w_rating': 0.7333043263163315, 'w_discount': 0.8027650730252122}. Best is trial 0 with value: 0.0.[0m
[32m[I 2026-06-25 02:24:33,284][0m Trial 10 finished with value: 0.0 and parameters: {'w_text': 0.9156568610262921, 'w_rating': 0.5193178152781115, 'w_discount': 0.5626494115077633}. Best is trial 0 with value: 0.0.[0m
[32m[I 2026-06-25 02:24:33,303][0m Trial 11 finished with value: 0.0 and parameters: {'w_text': 0.01209481324330669, 'w_rating': 0.6731332120970996, 'w_discount': 0.6176432397220146}. Best is trial 0 with value: 0.0.[0m
[32m[I 2026-06-25 02:24:33,322][0m Trial 12 finished with value: 0.0 and parameters: {'w_text': 0.7166500470059215, 'w_rating': 0.27530439690920494, 'w_discount': 0.028023060823898993}. Best is trial 0 with value: 0.0.[0m
[32m[I 2026-06-25 02:24:33,340][0m Trial 13 finished with value: 0.0 and parameters: {'w_text': 0.30082698658891366, 'w_rating': 0.9828070927744676, 'w_discount': 0.9969329780657641}. Best is trial 0 with value: 0.0.[0m
[32m[I 2026-06-25 02:24:33,359][0m Trial 14 finished with value: 0.0 and parameters: {'w_text': 0.8408061352659302, 'w_rating': 0.590802213350521, 'w_discount': 0.6000231444959665}. Best is trial 0 with value: 0.0.[0m
[32m[I 2026-06-25 02:24:33,377][0m Trial 15 finished with value: 0.0 and parameters: {'w_text': 0.07301275170172378, 'w_rating': 0.780564567049943, 'w_discount': 0.7869988949917881}. Best is trial 0 with value: 0.0.[0m
[32m[I 2026-06-25 02:24:33,394][0m Trial 16 finished with value: 0.0 and parameters: {'w_text': 0.3877816202771093, 'w_rating': 0.48149213259295875, 'w_discount': 0.047060750678411034}. Best is trial 0 with value: 0.0.[0m
[32m[I 2026-06-25 02:24:33,412][0m Trial 17 finished with value: 0.0 and parameters: {'w_text': 0.7473203492282486, 'w_rating': 0.8174639154024009, 'w_discount': 0.46279138093461025}. Best is trial 0 with value: 0.0.[0m
[32m[I 2026-06-25 02:24:33,429][0m Trial 18 finished with value: 0.0 and parameters: {'w_text': 0.6439781198360213, 'w_rating': 0.2962060953293875, 'w_discount': 0.7770987706088328}. Best is trial 0 with value: 0.0.[0m
[32m[I 2026-06-25 02:24:33,447][0m Trial 19 finished with value: 0.0 and parameters: {'w_text': 0.1316688286204107, 'w_rating': 0.9962807885053098, 'w_discount': 0.8925708965292358}. Best is trial 0 with value: 0.0.[0m
[32m[I 2026-06-25 02:24:33,464][0m Trial 20 finished with value: 0.0 and parameters: {'w_text': 0.39642947641001614, 'w_rating': 0.43249385161676873, 'w_discount': 0.6960771535708016}. Best is trial 0 with value: 0.0.[0m
[32m[I 2026-06-25 02:24:33,483][0m Trial 21 finished with value: 0.0 and parameters: {'w_text': 0.42466849752828184, 'w_rating': 0.30083943987569733, 'w_discount': 0.9706430227644287}. Best is trial 0 with value: 0.0.[0m
[32m[I 2026-06-25 02:24:33,503][0m Trial 22 finished with value: 0.0 and parameters: {'w_text': 0.5451204171461999, 'w_rating': 0.20094031841759807, 'w_discount': 0.8911973977786054}. Best is trial 0 with value: 0.0.[0m
[32m[I 2026-06-25 02:24:33,522][0m Trial 23 finished with value: 0.0 and parameters: {'w_text': 0.3442852132850925, 'w_rating': 0.36028707216856537, 'w_discount': 0.8861976640772802}. Best is trial 0 with value: 0.0.[0m
[32m[I 2026-06-25 02:24:33,540][0m Trial 24 finished with value: 0.0 and parameters: {'w_text': 0.5011998971479767, 'w_rating': 0.5698210813379538, 'w_discount': 0.47945712707096755}. Best is trial 0 with value: 0.0.[0m
[32m[I 2026-06-25 02:24:33,557][0m Trial 25 finished with value: 0.0 and parameters: {'w_text': 0.2441240148062217, 'w_rating': 0.1474906737063105, 'w_discount': 0.1258824789559722}. Best is trial 0 with value: 0.0.[0m
[32m[I 2026-06-25 02:24:33,575][0m Trial 26 finished with value: 0.0 and parameters: {'w_text': 0.6807894513187808, 'w_rating': 0.6563346118713113, 'w_discount': 0.6952766506463424}. Best is trial 0 with value: 0.0.[0m
[32m[I 2026-06-25 02:24:33,592][0m Trial 27 finished with value: 0.0 and parameters: {'w_text': 0.7732367869430463, 'w_rating': 0.3666483891366304, 'w_discount': 0.9278175113860928}. Best is trial 0 with value: 0.0.[0m
[32m[I 2026-06-25 02:24:33,610][0m Trial 28 finished with value: 0.0 and parameters: {'w_text': 0.4558287333571759, 'w_rating': 0.07197215172223659, 'w_discount': 0.8290061007407573}. Best is trial 0 with value: 0.0.[0m
[32m[I 2026-06-25 02:24:33,628][0m Trial 29 finished with value: 0.0 and parameters: {'w_text': 0.5340416213076418, 'w_rating': 0.03494577247953662, 'w_discount': 0.6880613547134539}. Best is trial 0 with value: 0.0.[0m
[32m[I 2026-06-25 02:24:33,645][0m Trial 30 finished with value: 0.0 and parameters: {'w_text': 0.37129078510879965, 'w_rating': 0.23906527978607517, 'w_discount': 0.4458412647838669}. Best is trial 0 with value: 0.0.[0m
[32m[I 2026-06-25 02:24:33,663][0m Trial 31 finished with value: 0.0 and parameters: {'w_text': 0.5832861165512613, 'w_rating': 4.651142727024604e-05, 'w_discount': 0.1632437504197962}. Best is trial 0 with value: 0.0.[0m
[32m[I 2026-06-25 02:24:33,682][0m Trial 32 finished with value: 0.0 and parameters: {'w_text': 0.4694353207177463, 'w_rating': 0.12283975462261956, 'w_discount': 0.2291115241932301}. Best is trial 0 with value: 0.0.[0m
[32m[I 2026-06-25 02:24:33,701][0m Trial 33 finished with value: 0.0 and parameters: {'w_text': 0.22379465683938482, 'w_rating': 0.8821143111388372, 'w_discount': 0.3350400791329595}. Best is trial 0 with value: 0.0.[0m
[32m[I 2026-06-25 02:24:33,719][0m Trial 34 finished with value: 0.0 and parameters: {'w_text': 0.516009560207016, 'w_rating': 0.19006967353876306, 'w_discount': 0.38784823996234985}. Best is trial 0 with value: 0.0.[0m
[32m[I 2026-06-25 02:24:33,737][0m Trial 35 finished with value: 0.0 and parameters: {'w_text': 0.5810293256628936, 'w_rating': 0.5735245516715698, 'w_discount': 0.2845660838356876}. Best is trial 0 with value: 0.0.[0m
[32m[I 2026-06-25 02:24:33,756][0m Trial 36 finished with value: 0.0 and parameters: {'w_text': 0.33297795465937496, 'w_rating': 0.712830370237049, 'w_discount': 0.09474516100789204}. Best is trial 0 with value: 0.0.[0m
[32m[I 2026-06-25 02:24:33,775][0m Trial 37 finished with value: 0.0 and parameters: {'w_text': 0.6386600798920237, 'w_rating': 0.9313334510771387, 'w_discount': 0.2235909524864927}. Best is trial 0 with value: 0.0.[0m
[32m[I 2026-06-25 02:24:33,793][0m Trial 38 finished with value: 0.0 and parameters: {'w_text': 0.4356673297716635, 'w_rating': 0.472708676054591, 'w_discount': 0.38686763990425815}. Best is trial 0 with value: 0.0.[0m
[32m[I 2026-06-25 02:24:33,812][0m Trial 39 finished with value: 0.0 and parameters: {'w_text': 0.20453893286216301, 'w_rating': 0.8208824898011194, 'w_discount': 0.5241789173440555}. Best is trial 0 with value: 0.0.[0m
[32m[I 2026-06-25 02:24:33,832][0m Trial 40 finished with value: 0.0 and parameters: {'w_text': 0.27460843178996125, 'w_rating': 0.34085439587138305, 'w_discount': 0.938312296921584}. Best is trial 0 with value: 0.0.[0m
[32m[I 2026-06-25 02:24:33,850][0m Trial 41 finished with value: 0.0 and parameters: {'w_text': 0.4899459349313178, 'w_rating': 0.887383957642739, 'w_discount': 0.3104351144401757}. Best is trial 0 with value: 0.0.[0m
[32m[I 2026-06-25 02:24:33,868][0m Trial 42 finished with value: 0.0 and parameters: {'w_text': 0.5621614368966643, 'w_rating': 0.7710799067284092, 'w_discount': 0.2502748977223871}. Best is trial 0 with value: 0.0.[0m
[32m[I 2026-06-25 02:24:33,886][0m Trial 43 finished with value: 0.0 and parameters: {'w_text': 0.6036835046249167, 'w_rating': 0.6047535337633557, 'w_discount': 0.171297310604627}. Best is trial 0 with value: 0.0.[0m
[32m[I 2026-06-25 02:24:33,904][0m Trial 44 finished with value: 0.0 and parameters: {'w_text': 0.42428360602560317, 'w_rating': 0.9604059625229298, 'w_discount': 0.8401769908324402}. Best is trial 0 with value: 0.0.[0m
[32m[I 2026-06-25 02:24:33,921][0m Trial 45 finished with value: 0.0 and parameters: {'w_text': 0.6759056835706199, 'w_rating': 0.7142167704752153, 'w_discount': 0.32557577521128844}. Best is trial 0 with value: 0.0.[0m
[32m[I 2026-06-25 02:24:33,939][0m Trial 46 finished with value: 0.0 and parameters: {'w_text': 0.35713499071240473, 'w_rating': 0.8236946810409214, 'w_discount': 0.0730625255461918}. Best is trial 0 with value: 0.0.[0m
[32m[I 2026-06-25 02:24:33,957][0m Trial 47 finished with value: 0.0 and parameters: {'w_text': 0.48427149519775, 'w_rating': 0.9218738355544236, 'w_discount': 0.6351386562033059}. Best is trial 0 with value: 0.0.[0m
[32m[I 2026-06-25 02:24:33,974][0m Trial 48 finished with value: 0.0 and parameters: {'w_text': 0.9955438642666973, 'w_rating': 0.40543910126429206, 'w_discount': 0.9968956055555176}. Best is trial 0 with value: 0.0.[0m
[32m[I 2026-06-25 02:24:33,992][0m Trial 49 finished with value: 0.0 and parameters: {'w_text': 0.16226106829840542, 'w_rating': 0.7633663751660704, 'w_discount': 0.7512701025440754}. Best is trial 0 with value: 0.0.[0m
