⏳ Initializing Multi-Modal Hybrid Recommender Engine...
Loading weights: 100%|████████████████████████████████████| 103/103 [00:00<00:00, 22620.87it/s]
🔮 Generating 10 K-Means clusters for structural catalog grouping...
🖼️ Aligning multi-modal visual representation vector spaces...
🎉 Hybrid Engine active! Balanced multi-modal sorting online.
[32m[I 2026-06-26 08:21:35,123][0m A new study created in memory with name: no-name-004cd2fc-1343-4c48-b909-9e50cb9e03c4[0m
[32m[I 2026-06-26 08:21:35,453][0m Trial 0 finished with value: 0.304 and parameters: {'w_sim': 0.575193681062852, 'w_rating': 0.07020156791976084, 'w_discount': 0.36115866422997156}. Best is trial 0 with value: 0.304.[0m
[32m[I 2026-06-26 08:21:35,657][0m Trial 1 finished with value: 0.07200000000000001 and parameters: {'w_sim': 0.44796725544593874, 'w_rating': 0.70324822586717, 'w_discount': 0.9980320463996513}. Best is trial 0 with value: 0.304.[0m
[32m[I 2026-06-26 08:21:35,774][0m Trial 2 finished with value: 0.052000000000000005 and parameters: {'w_sim': 0.17890718173858988, 'w_rating': 0.5172736313005363, 'w_discount': 0.806939434706458}. Best is trial 0 with value: 0.304.[0m
[32m[I 2026-06-26 08:21:35,882][0m Trial 3 finished with value: 0.092 and parameters: {'w_sim': 0.40158205415480186, 'w_rating': 0.21563613150980843, 'w_discount': 0.7285794712535717}. Best is trial 0 with value: 0.304.[0m
[32m[I 2026-06-26 08:21:35,993][0m Trial 4 finished with value: 0.16399999999999998 and parameters: {'w_sim': 0.7805840306193476, 'w_rating': 0.5729319677967696, 'w_discount': 0.7655452929310032}. Best is trial 0 with value: 0.304.[0m
[32m[I 2026-06-26 08:21:36,102][0m Trial 5 finished with value: 0.42800000000000005 and parameters: {'w_sim': 0.5041976971039711, 'w_rating': 0.8293805040196882, 'w_discount': 0.2177599374377871}. Best is trial 5 with value: 0.42800000000000005.[0m
[32m[I 2026-06-26 08:21:36,209][0m Trial 6 finished with value: 0.12 and parameters: {'w_sim': 0.25685849893798474, 'w_rating': 0.7518435465954849, 'w_discount': 0.3738002409747869}. Best is trial 5 with value: 0.42800000000000005.[0m
[32m[I 2026-06-26 08:21:36,316][0m Trial 7 finished with value: 0.6399999999999999 and parameters: {'w_sim': 0.9952161064067915, 'w_rating': 0.8112366479518142, 'w_discount': 0.060974919853204135}. Best is trial 7 with value: 0.6399999999999999.[0m
[32m[I 2026-06-26 08:21:36,425][0m Trial 8 finished with value: 0.16 and parameters: {'w_sim': 0.689816469436913, 'w_rating': 0.2885580758401548, 'w_discount': 0.7151129805478277}. Best is trial 7 with value: 0.6399999999999999.[0m
[32m[I 2026-06-26 08:21:36,532][0m Trial 9 finished with value: 0.152 and parameters: {'w_sim': 0.4087840535051158, 'w_rating': 0.04981130041727311, 'w_discount': 0.4746757966901418}. Best is trial 7 with value: 0.6399999999999999.[0m
[32m[I 2026-06-26 08:21:36,641][0m Trial 10 finished with value: 0.6359999999999999 and parameters: {'w_sim': 0.9727341058724497, 'w_rating': 0.958118911810645, 'w_discount': 0.008375349203416815}. Best is trial 7 with value: 0.6399999999999999.[0m
[32m[I 2026-06-26 08:21:36,756][0m Trial 11 finished with value: 0.628 and parameters: {'w_sim': 0.981282573270936, 'w_rating': 0.9283860420000887, 'w_discount': 0.05664324017686567}. Best is trial 7 with value: 0.6399999999999999.[0m
[32m[I 2026-06-26 08:21:36,867][0m Trial 12 finished with value: 0.6359999999999999 and parameters: {'w_sim': 0.9795554495912704, 'w_rating': 0.9999560859035532, 'w_discount': 4.538482759796833e-05}. Best is trial 7 with value: 0.6399999999999999.[0m
[32m[I 2026-06-26 08:21:36,979][0m Trial 13 finished with value: 0.5880000000000001 and parameters: {'w_sim': 0.8052813049840339, 'w_rating': 0.8557320209896037, 'w_discount': 0.16151165795471328}. Best is trial 7 with value: 0.6399999999999999.[0m
[32m[I 2026-06-26 08:21:37,088][0m Trial 14 finished with value: 0.616 and parameters: {'w_sim': 0.883104254885549, 'w_rating': 0.6299978801303816, 'w_discount': 0.16717860506866059}. Best is trial 7 with value: 0.6399999999999999.[0m
[32m[I 2026-06-26 08:21:37,200][0m Trial 15 finished with value: 0.056000000000000015 and parameters: {'w_sim': 0.014268602055617252, 'w_rating': 0.4319266777852624, 'w_discount': 0.07971149662570888}. Best is trial 7 with value: 0.6399999999999999.[0m
[32m[I 2026-06-26 08:21:37,315][0m Trial 16 finished with value: 0.52 and parameters: {'w_sim': 0.8720220047291711, 'w_rating': 0.9843107535931797, 'w_discount': 0.2710607334226236}. Best is trial 7 with value: 0.6399999999999999.[0m
[32m[I 2026-06-26 08:21:37,426][0m Trial 17 finished with value: 0.6240000000000001 and parameters: {'w_sim': 0.6704899347407209, 'w_rating': 0.7929020951358535, 'w_discount': 0.004417055016452891}. Best is trial 7 with value: 0.6399999999999999.[0m
[32m[I 2026-06-26 08:21:37,537][0m Trial 18 finished with value: 0.32 and parameters: {'w_sim': 0.9054631429218923, 'w_rating': 0.8842015127853236, 'w_discount': 0.5221887306261774}. Best is trial 7 with value: 0.6399999999999999.[0m
[32m[I 2026-06-26 08:21:37,649][0m Trial 19 finished with value: 0.632 and parameters: {'w_sim': 0.9983176218831743, 'w_rating': 0.6880539119336286, 'w_discount': 0.12770470715306326}. Best is trial 7 with value: 0.6399999999999999.[0m
[32m[I 2026-06-26 08:21:37,763][0m Trial 20 finished with value: 0.504 and parameters: {'w_sim': 0.7456448100963459, 'w_rating': 0.4507971381091076, 'w_discount': 0.2943087905676165}. Best is trial 7 with value: 0.6399999999999999.[0m
[32m[I 2026-06-26 08:21:37,881][0m Trial 21 finished with value: 0.6359999999999999 and parameters: {'w_sim': 0.9785994702273921, 'w_rating': 0.997880503263733, 'w_discount': 0.02285284734393908}. Best is trial 7 with value: 0.6399999999999999.[0m
[32m[I 2026-06-26 08:21:38,003][0m Trial 22 finished with value: 0.608 and parameters: {'w_sim': 0.8850109685153864, 'w_rating': 0.9184316999991637, 'w_discount': 0.10472446666959379}. Best is trial 7 with value: 0.6399999999999999.[0m
[32m[I 2026-06-26 08:21:38,119][0m Trial 23 finished with value: 0.632 and parameters: {'w_sim': 0.9324905255193255, 'w_rating': 0.9981532222021767, 'w_discount': 0.03136507676984915}. Best is trial 7 with value: 0.6399999999999999.[0m
[32m[I 2026-06-26 08:21:38,236][0m Trial 24 finished with value: 0.5800000000000001 and parameters: {'w_sim': 0.8540184562067525, 'w_rating': 0.8382606798103684, 'w_discount': 0.213314909945188}. Best is trial 7 with value: 0.6399999999999999.[0m
[32m[I 2026-06-26 08:21:38,348][0m Trial 25 finished with value: 0.6480000000000001 and parameters: {'w_sim': 0.9968201798744604, 'w_rating': 0.7229135567996812, 'w_discount': 0.0015159958005456246}. Best is trial 25 with value: 0.6480000000000001.[0m
[32m[I 2026-06-26 08:21:38,461][0m Trial 26 finished with value: 0.604 and parameters: {'w_sim': 0.8237986062075822, 'w_rating': 0.7474431183893734, 'w_discount': 0.11377793901076658}. Best is trial 25 with value: 0.6480000000000001.[0m
[32m[I 2026-06-26 08:21:38,577][0m Trial 27 finished with value: 0.556 and parameters: {'w_sim': 0.724223936140726, 'w_rating': 0.64636897777143, 'w_discount': 0.21747285406857855}. Best is trial 25 with value: 0.6480000000000001.[0m
[32m[I 2026-06-26 08:21:38,694][0m Trial 28 finished with value: 0.612 and parameters: {'w_sim': 0.6356552977316773, 'w_rating': 0.7686176929847556, 'w_discount': 0.08241835203472778}. Best is trial 25 with value: 0.6480000000000001.[0m
[32m[I 2026-06-26 08:21:38,804][0m Trial 29 finished with value: 0.376 and parameters: {'w_sim': 0.5969565520280008, 'w_rating': 0.568857853405858, 'w_discount': 0.31474409547504945}. Best is trial 25 with value: 0.6480000000000001.[0m
[32m[I 2026-06-26 08:21:38,920][0m Trial 30 finished with value: 0.42800000000000005 and parameters: {'w_sim': 0.9276393848777421, 'w_rating': 0.9025295467155899, 'w_discount': 0.41115360616869767}. Best is trial 25 with value: 0.6480000000000001.[0m
[32m[I 2026-06-26 08:21:39,041][0m Trial 31 finished with value: 0.6359999999999999 and parameters: {'w_sim': 0.996899666585773, 'w_rating': 0.9296782792440963, 'w_discount': 0.0007886842475369081}. Best is trial 25 with value: 0.6480000000000001.[0m
[32m[I 2026-06-26 08:21:39,154][0m Trial 32 finished with value: 0.6080000000000001 and parameters: {'w_sim': 0.9345007110940198, 'w_rating': 0.8097076200914962, 'w_discount': 0.146536952100915}. Best is trial 25 with value: 0.6480000000000001.[0m
[32m[I 2026-06-26 08:21:39,405][0m Trial 33 finished with value: 0.632 and parameters: {'w_sim': 0.8078217559574581, 'w_rating': 0.7051719812437222, 'w_discount': 0.06726747318632591}. Best is trial 25 with value: 0.6480000000000001.[0m
[32m[I 2026-06-26 08:21:39,596][0m Trial 34 finished with value: 0.596 and parameters: {'w_sim': 0.9346772084665194, 'w_rating': 0.8700367899203824, 'w_discount': 0.18452335293865968}. Best is trial 25 with value: 0.6480000000000001.[0m
[32m[I 2026-06-26 08:21:39,748][0m Trial 35 finished with value: 0.632 and parameters: {'w_sim': 0.8441986728827344, 'w_rating': 0.9560261397307979, 'w_discount': 0.0015798212491529272}. Best is trial 25 with value: 0.6480000000000001.[0m
[32m[I 2026-06-26 08:21:39,867][0m Trial 36 finished with value: 0.62 and parameters: {'w_sim': 0.7689797029012277, 'w_rating': 0.6896673135198573, 'w_discount': 0.07603918664982241}. Best is trial 25 with value: 0.6480000000000001.[0m
[32m[I 2026-06-26 08:21:39,981][0m Trial 37 finished with value: 0.5760000000000001 and parameters: {'w_sim': 0.9522763770456613, 'w_rating': 0.8137267353943105, 'w_discount': 0.2459788528417997}. Best is trial 25 with value: 0.6480000000000001.[0m
[32m[I 2026-06-26 08:21:40,093][0m Trial 38 finished with value: 0.684 and parameters: {'w_sim': 0.99802414334659, 'w_rating': 0.1392104376277734, 'w_discount': 0.12289851248695328}. Best is trial 38 with value: 0.684.[0m
[32m[I 2026-06-26 08:21:40,202][0m Trial 39 finished with value: 0.68 and parameters: {'w_sim': 0.8949856865183511, 'w_rating': 0.10505242937520853, 'w_discount': 0.13417037645024862}. Best is trial 38 with value: 0.684.[0m
[32m[I 2026-06-26 08:21:40,313][0m Trial 40 finished with value: 0.172 and parameters: {'w_sim': 0.8824502911546592, 'w_rating': 0.129725704198762, 'w_discount': 0.8719937286536159}. Best is trial 38 with value: 0.684.[0m
[32m[I 2026-06-26 08:21:40,424][0m Trial 41 finished with value: 0.7440000000000001 and parameters: {'w_sim': 0.9973857334799211, 'w_rating': 0.008063287173818573, 'w_discount': 0.13029805176424558}. Best is trial 41 with value: 0.7440000000000001.[0m
[32m[I 2026-06-26 08:21:40,535][0m Trial 42 finished with value: 0.536 and parameters: {'w_sim': 0.9048371386377672, 'w_rating': 0.11578340521284713, 'w_discount': 0.34159829894318045}. Best is trial 41 with value: 0.7440000000000001.[0m
[32m[I 2026-06-26 08:21:40,645][0m Trial 43 finished with value: 0.7240000000000001 and parameters: {'w_sim': 0.8326103638594169, 'w_rating': 0.01559142204926213, 'w_discount': 0.13870454495378687}. Best is trial 41 with value: 0.7440000000000001.[0m
[32m[I 2026-06-26 08:21:40,754][0m Trial 44 finished with value: 0.664 and parameters: {'w_sim': 0.7735081833591346, 'w_rating': 0.00015752325616397167, 'w_discount': 0.2012321724685009}. Best is trial 41 with value: 0.7440000000000001.[0m
[32m[I 2026-06-26 08:21:40,863][0m Trial 45 finished with value: 0.5880000000000001 and parameters: {'w_sim': 0.7207260325727142, 'w_rating': 0.004478950906256357, 'w_discount': 0.24886641707405532}. Best is trial 41 with value: 0.7440000000000001.[0m
[32m[I 2026-06-26 08:21:40,975][0m Trial 46 finished with value: 0.23199999999999998 and parameters: {'w_sim': 0.515711830678924, 'w_rating': 0.23060784802672724, 'w_discount': 0.4028186946300008}. Best is trial 41 with value: 0.7440000000000001.[0m
[32m[I 2026-06-26 08:21:41,084][0m Trial 47 finished with value: 0.66 and parameters: {'w_sim': 0.7851372017811492, 'w_rating': 0.08123068572171685, 'w_discount': 0.17974329111874307}. Best is trial 41 with value: 0.7440000000000001.[0m
[32m[I 2026-06-26 08:21:41,193][0m Trial 48 finished with value: 0.48 and parameters: {'w_sim': 0.30411633128233506, 'w_rating': 0.18453450514828396, 'w_discount': 0.12973386397824527}. Best is trial 41 with value: 0.7440000000000001.[0m
[32m[I 2026-06-26 08:21:41,303][0m Trial 49 finished with value: 0.264 and parameters: {'w_sim': 0.8408463044193987, 'w_rating': 0.012901036829983364, 'w_discount': 0.5878478863286074}. Best is trial 41 with value: 0.7440000000000001.[0m
