⏳ Initializing Multi-Modal Hybrid Recommender Engine...
Loading weights: 100%|████████████████████████████████████| 103/103 [00:00<00:00, 20814.90it/s]
🔮 Generating 10 K-Means clusters for structural catalog grouping...
🖼️ Aligning multi-modal visual representation vector spaces...
🎉 Hybrid Engine active! Balanced multi-modal sorting online.
[32m[I 2026-06-26 08:25:37,296][0m A new study created in memory with name: no-name-d81d0317-0338-4c5c-bb34-c3139a120e5b[0m
[32m[I 2026-06-26 08:25:37,376][0m Trial 0 finished with value: 0.0 and parameters: {'w_sim': 0.30823555474981246, 'w_rating': 0.967062733664496, 'w_discount': 0.7295000988098195}. Best is trial 0 with value: 0.0.[0m
[32m[I 2026-06-26 08:25:37,448][0m Trial 1 finished with value: 0.0 and parameters: {'w_sim': 0.11868583961374102, 'w_rating': 0.9958806812745075, 'w_discount': 0.7939289694713597}. Best is trial 0 with value: 0.0.[0m
[32m[I 2026-06-26 08:25:37,518][0m Trial 2 finished with value: 0.0 and parameters: {'w_sim': 0.6691956557621374, 'w_rating': 0.6382411405027989, 'w_discount': 0.17606665871134264}. Best is trial 0 with value: 0.0.[0m
[32m[I 2026-06-26 08:25:37,584][0m Trial 3 finished with value: 0.0 and parameters: {'w_sim': 0.323768978817216, 'w_rating': 0.30593496279460486, 'w_discount': 0.07950183724528304}. Best is trial 0 with value: 0.0.[0m
[32m[I 2026-06-26 08:25:37,644][0m Trial 4 finished with value: 0.0 and parameters: {'w_sim': 0.6816461875539648, 'w_rating': 0.7836393895956408, 'w_discount': 0.9339177562199503}. Best is trial 0 with value: 0.0.[0m
[32m[I 2026-06-26 08:25:37,754][0m Trial 5 finished with value: 0.0 and parameters: {'w_sim': 0.46461366135992466, 'w_rating': 0.9870640731379312, 'w_discount': 0.8251276888712814}. Best is trial 0 with value: 0.0.[0m
[32m[I 2026-06-26 08:25:37,829][0m Trial 6 finished with value: 0.0 and parameters: {'w_sim': 0.7874274598267877, 'w_rating': 0.05914292907552743, 'w_discount': 0.6100710723931779}. Best is trial 0 with value: 0.0.[0m
[32m[I 2026-06-26 08:25:37,925][0m Trial 7 finished with value: 0.0 and parameters: {'w_sim': 0.6309027046480907, 'w_rating': 0.3595146104288841, 'w_discount': 0.8549280791864452}. Best is trial 0 with value: 0.0.[0m
[32m[I 2026-06-26 08:25:38,069][0m Trial 8 finished with value: 0.0 and parameters: {'w_sim': 0.5108713439872297, 'w_rating': 0.8644150183444129, 'w_discount': 0.11856041652513216}. Best is trial 0 with value: 0.0.[0m
[32m[I 2026-06-26 08:25:38,140][0m Trial 9 finished with value: 0.0 and parameters: {'w_sim': 0.48997842044024675, 'w_rating': 0.30046256518435277, 'w_discount': 0.5488566308188869}. Best is trial 0 with value: 0.0.[0m
[32m[I 2026-06-26 08:25:38,219][0m Trial 10 finished with value: 0.0 and parameters: {'w_sim': 0.9792287641460915, 'w_rating': 0.559528303927393, 'w_discount': 0.3558947360635495}. Best is trial 0 with value: 0.0.[0m
[32m[I 2026-06-26 08:25:38,294][0m Trial 11 finished with value: 0.0 and parameters: {'w_sim': 9.252519381747204e-05, 'w_rating': 0.9818501221159537, 'w_discount': 0.6685114152648809}. Best is trial 0 with value: 0.0.[0m
[32m[I 2026-06-26 08:25:38,366][0m Trial 12 finished with value: 0.0 and parameters: {'w_sim': 0.14464401669645138, 'w_rating': 0.8047831091209988, 'w_discount': 0.7636860984250297}. Best is trial 0 with value: 0.0.[0m
[32m[I 2026-06-26 08:25:38,435][0m Trial 13 finished with value: 0.0 and parameters: {'w_sim': 0.2601345743547351, 'w_rating': 0.992623542107125, 'w_discount': 0.4680118662198495}. Best is trial 0 with value: 0.0.[0m
[32m[I 2026-06-26 08:25:38,503][0m Trial 14 finished with value: 0.0 and parameters: {'w_sim': 0.0021090512146466622, 'w_rating': 0.7205626667922568, 'w_discount': 0.9999847806727853}. Best is trial 0 with value: 0.0.[0m
[32m[I 2026-06-26 08:25:38,569][0m Trial 15 finished with value: 0.0 and parameters: {'w_sim': 0.1767203570875564, 'w_rating': 0.8709434139026274, 'w_discount': 0.7206114723049991}. Best is trial 0 with value: 0.0.[0m
[32m[I 2026-06-26 08:25:38,634][0m Trial 16 finished with value: 0.0 and parameters: {'w_sim': 0.34789289151346947, 'w_rating': 0.5282102490618086, 'w_discount': 0.4222828052116703}. Best is trial 0 with value: 0.0.[0m
[32m[I 2026-06-26 08:25:38,698][0m Trial 17 finished with value: 0.0 and parameters: {'w_sim': 0.1223006880310837, 'w_rating': 0.8977769583563884, 'w_discount': 0.8434554656807273}. Best is trial 0 with value: 0.0.[0m
[32m[I 2026-06-26 08:25:38,765][0m Trial 18 finished with value: 0.0 and parameters: {'w_sim': 0.2621271350109211, 'w_rating': 0.7288393491789352, 'w_discount': 0.26759690887734067}. Best is trial 0 with value: 0.0.[0m
[32m[I 2026-06-26 08:25:38,834][0m Trial 19 finished with value: 0.0 and parameters: {'w_sim': 0.4138234962401546, 'w_rating': 0.8845782369318567, 'w_discount': 0.5663836898758967}. Best is trial 0 with value: 0.0.[0m
[32m[I 2026-06-26 08:25:38,899][0m Trial 20 finished with value: 0.0 and parameters: {'w_sim': 0.09674653881574376, 'w_rating': 0.643039393707934, 'w_discount': 0.6880904840576978}. Best is trial 0 with value: 0.0.[0m
[32m[I 2026-06-26 08:25:38,972][0m Trial 21 finished with value: 0.0 and parameters: {'w_sim': 0.9312522668332885, 'w_rating': 0.4445404489246235, 'w_discount': 0.17736343170358587}. Best is trial 0 with value: 0.0.[0m
[32m[I 2026-06-26 08:25:39,038][0m Trial 22 finished with value: 0.0 and parameters: {'w_sim': 0.606473015604697, 'w_rating': 0.17970960432341626, 'w_discount': 0.28289649288488433}. Best is trial 0 with value: 0.0.[0m
[32m[I 2026-06-26 08:25:39,100][0m Trial 23 finished with value: 0.0 and parameters: {'w_sim': 0.7939790180013365, 'w_rating': 0.6448168556833502, 'w_discount': 0.4950080028670633}. Best is trial 0 with value: 0.0.[0m
[32m[I 2026-06-26 08:25:39,163][0m Trial 24 finished with value: 0.0 and parameters: {'w_sim': 0.22406327515676117, 'w_rating': 0.6215686907345677, 'w_discount': 0.01254024123755626}. Best is trial 0 with value: 0.0.[0m
[32m[I 2026-06-26 08:25:39,228][0m Trial 25 finished with value: 0.0 and parameters: {'w_sim': 0.06628388431676467, 'w_rating': 0.9259273741314349, 'w_discount': 0.9018882917256144}. Best is trial 0 with value: 0.0.[0m
[32m[I 2026-06-26 08:25:39,303][0m Trial 26 finished with value: 0.0 and parameters: {'w_sim': 0.3497747995217368, 'w_rating': 0.7870593423136476, 'w_discount': 0.7932391585562206}. Best is trial 0 with value: 0.0.[0m
[32m[I 2026-06-26 08:25:39,391][0m Trial 27 finished with value: 0.0 and parameters: {'w_sim': 0.7893265066304989, 'w_rating': 0.47847193753787975, 'w_discount': 0.617818561086136}. Best is trial 0 with value: 0.0.[0m
[32m[I 2026-06-26 08:25:39,475][0m Trial 28 finished with value: 0.0 and parameters: {'w_sim': 0.1958208151320439, 'w_rating': 0.7105202474811427, 'w_discount': 0.36976342095887993}. Best is trial 0 with value: 0.0.[0m
[32m[I 2026-06-26 08:25:39,559][0m Trial 29 finished with value: 0.0 and parameters: {'w_sim': 0.3091529434130387, 'w_rating': 0.8217241061031282, 'w_discount': 0.1595998122279504}. Best is trial 0 with value: 0.0.[0m
[32m[I 2026-06-26 08:25:39,641][0m Trial 30 finished with value: 0.0 and parameters: {'w_sim': 0.40961627062384404, 'w_rating': 0.934558071999491, 'w_discount': 0.9693582163804333}. Best is trial 0 with value: 0.0.[0m
[32m[I 2026-06-26 08:25:39,719][0m Trial 31 finished with value: 0.0 and parameters: {'w_sim': 0.6054361123369559, 'w_rating': 0.01762947014812144, 'w_discount': 0.03844740976475753}. Best is trial 0 with value: 0.0.[0m
[32m[I 2026-06-26 08:25:39,802][0m Trial 32 finished with value: 0.0 and parameters: {'w_sim': 0.7236311202009741, 'w_rating': 0.2494717881658342, 'w_discount': 0.08601447802174383}. Best is trial 0 with value: 0.0.[0m
[32m[I 2026-06-26 08:25:39,882][0m Trial 33 finished with value: 0.0 and parameters: {'w_sim': 0.2917404758475238, 'w_rating': 0.12402521529892313, 'w_discount': 0.2574786708035523}. Best is trial 0 with value: 0.0.[0m
[32m[I 2026-06-26 08:25:40,001][0m Trial 34 finished with value: 0.0 and parameters: {'w_sim': 0.872374673306374, 'w_rating': 0.3517303730177297, 'w_discount': 0.20463089485926472}. Best is trial 0 with value: 0.0.[0m
[32m[I 2026-06-26 08:25:40,079][0m Trial 35 finished with value: 0.0 and parameters: {'w_sim': 0.5319951504947702, 'w_rating': 0.39386506714935593, 'w_discount': 0.9098004546071073}. Best is trial 0 with value: 0.0.[0m
[32m[I 2026-06-26 08:25:40,157][0m Trial 36 finished with value: 0.0 and parameters: {'w_sim': 0.4194742643350477, 'w_rating': 0.2229576731402586, 'w_discount': 0.7536531980415735}. Best is trial 0 with value: 0.0.[0m
[32m[I 2026-06-26 08:25:40,251][0m Trial 37 finished with value: 0.0 and parameters: {'w_sim': 0.5453985255005767, 'w_rating': 0.5563612928440151, 'w_discount': 0.10108731255994385}. Best is trial 0 with value: 0.0.[0m
[32m[I 2026-06-26 08:25:40,333][0m Trial 38 finished with value: 0.0 and parameters: {'w_sim': 0.6801034811838532, 'w_rating': 0.9578255771209087, 'w_discount': 0.6347421567189362}. Best is trial 0 with value: 0.0.[0m
[32m[I 2026-06-26 08:25:40,417][0m Trial 39 finished with value: 0.0 and parameters: {'w_sim': 0.0617701189451236, 'w_rating': 0.8362667714886927, 'w_discount': 0.3366654917119857}. Best is trial 0 with value: 0.0.[0m
[32m[I 2026-06-26 08:25:40,492][0m Trial 40 finished with value: 0.0 and parameters: {'w_sim': 0.44653875170224644, 'w_rating': 0.7457748656130017, 'w_discount': 0.0711796030206174}. Best is trial 0 with value: 0.0.[0m
[32m[I 2026-06-26 08:25:40,576][0m Trial 41 finished with value: 0.0 and parameters: {'w_sim': 0.6848111403530125, 'w_rating': 0.9810587941393025, 'w_discount': 0.8937187650545204}. Best is trial 0 with value: 0.0.[0m
[32m[I 2026-06-26 08:25:40,666][0m Trial 42 finished with value: 0.0 and parameters: {'w_sim': 0.8567372467187111, 'w_rating': 0.7828068035455714, 'w_discount': 0.8181589423099197}. Best is trial 0 with value: 0.0.[0m
[32m[I 2026-06-26 08:25:40,758][0m Trial 43 finished with value: 0.0 and parameters: {'w_sim': 0.5697503974840316, 'w_rating': 0.6819783886781348, 'w_discount': 0.9517253874212555}. Best is trial 0 with value: 0.0.[0m
[32m[I 2026-06-26 08:25:40,843][0m Trial 44 finished with value: 0.0 and parameters: {'w_sim': 0.7348424085812719, 'w_rating': 0.9032949477162067, 'w_discount': 0.8703877942406522}. Best is trial 0 with value: 0.0.[0m
[32m[I 2026-06-26 08:25:40,976][0m Trial 45 finished with value: 0.0 and parameters: {'w_sim': 0.36133486790674746, 'w_rating': 0.9901302687651208, 'w_discount': 0.7536553145691919}. Best is trial 0 with value: 0.0.[0m
[32m[I 2026-06-26 08:25:41,051][0m Trial 46 finished with value: 0.0 and parameters: {'w_sim': 0.1467207093955814, 'w_rating': 0.8575253801872201, 'w_discount': 0.5614770305801386}. Best is trial 0 with value: 0.0.[0m
[32m[I 2026-06-26 08:25:41,119][0m Trial 47 finished with value: 0.0 and parameters: {'w_sim': 0.64620563771627, 'w_rating': 0.7704273044284886, 'w_discount': 0.6827725903631592}. Best is trial 0 with value: 0.0.[0m
[32m[I 2026-06-26 08:25:41,187][0m Trial 48 finished with value: 0.0 and parameters: {'w_sim': 0.502269340476957, 'w_rating': 0.4994395906031815, 'w_discount': 0.14845365019760273}. Best is trial 0 with value: 0.0.[0m
[32m[I 2026-06-26 08:25:41,256][0m Trial 49 finished with value: 0.0 and parameters: {'w_sim': 0.2360161955813947, 'w_rating': 0.5973065907927656, 'w_discount': 0.9972983673634203}. Best is trial 0 with value: 0.0.[0m
