⏳ Initializing Multi-Modal Hybrid Recommender Engine...
Warning: You are sending unauthenticated requests to the HF Hub. Please set a HF_TOKEN to enable higher rate limits and faster downloads.
Loading weights: 100%|█████████████████████████████████████| 103/103 [00:00<00:00, 7666.47it/s]
🔮 Generating 10 K-Means clusters for structural catalog grouping...
🖼️ Aligning multi-modal visual representation vector spaces...
🎉 Hybrid Engine active! Balanced multi-modal sorting online.
[32m[I 2026-06-26 08:26:09,682][0m A new study created in memory with name: no-name-961077d0-3165-470d-b887-7a681f0329bf[0m
[32m[I 2026-06-26 08:26:09,764][0m Trial 0 finished with value: 0.0 and parameters: {'w_sim': 0.17419428865440323, 'w_rating': 0.34349873861340663, 'w_discount': 0.7178242262147597}. Best is trial 0 with value: 0.0.[0m
[32m[I 2026-06-26 08:26:09,903][0m Trial 1 finished with value: 0.0 and parameters: {'w_sim': 0.44703423422207644, 'w_rating': 0.5125442679728991, 'w_discount': 0.36661937737842754}. Best is trial 0 with value: 0.0.[0m
[32m[I 2026-06-26 08:26:09,966][0m Trial 2 finished with value: 0.0 and parameters: {'w_sim': 0.5428695980137107, 'w_rating': 0.03452413239215435, 'w_discount': 0.31925840076508016}. Best is trial 0 with value: 0.0.[0m
[32m[I 2026-06-26 08:26:10,025][0m Trial 3 finished with value: 0.0 and parameters: {'w_sim': 0.40725721765243694, 'w_rating': 0.6832277262252366, 'w_discount': 0.14476980851272292}. Best is trial 0 with value: 0.0.[0m
[32m[I 2026-06-26 08:26:10,090][0m Trial 4 finished with value: 0.0 and parameters: {'w_sim': 0.0025052925327520015, 'w_rating': 0.5124778344343843, 'w_discount': 0.1650110432976315}. Best is trial 0 with value: 0.0.[0m
[32m[I 2026-06-26 08:26:10,151][0m Trial 5 finished with value: 0.0 and parameters: {'w_sim': 0.3425800563442195, 'w_rating': 0.9646244692746918, 'w_discount': 0.9784925419207975}. Best is trial 0 with value: 0.0.[0m
[32m[I 2026-06-26 08:26:10,214][0m Trial 6 finished with value: 0.0 and parameters: {'w_sim': 0.36920693250578607, 'w_rating': 0.5486993263518618, 'w_discount': 0.6001157739078518}. Best is trial 0 with value: 0.0.[0m
[32m[I 2026-06-26 08:26:10,274][0m Trial 7 finished with value: 0.0 and parameters: {'w_sim': 0.508635707239889, 'w_rating': 0.9138004868591012, 'w_discount': 0.9756643975075872}. Best is trial 0 with value: 0.0.[0m
[32m[I 2026-06-26 08:26:10,334][0m Trial 8 finished with value: 0.0 and parameters: {'w_sim': 0.6712749055247643, 'w_rating': 0.5753180450932631, 'w_discount': 0.4026337116928492}. Best is trial 0 with value: 0.0.[0m
[32m[I 2026-06-26 08:26:10,394][0m Trial 9 finished with value: 0.0 and parameters: {'w_sim': 0.5525784538527019, 'w_rating': 0.7609382915995173, 'w_discount': 0.9916539051917466}. Best is trial 0 with value: 0.0.[0m
[32m[I 2026-06-26 08:26:10,458][0m Trial 10 finished with value: 0.0 and parameters: {'w_sim': 0.9033125505210448, 'w_rating': 0.18104607485933794, 'w_discount': 0.7026137212114226}. Best is trial 0 with value: 0.0.[0m
[32m[I 2026-06-26 08:26:10,521][0m Trial 11 finished with value: 0.0 and parameters: {'w_sim': 0.1369701018640968, 'w_rating': 0.31841598335640053, 'w_discount': 0.6091007124420611}. Best is trial 0 with value: 0.0.[0m
[32m[I 2026-06-26 08:26:10,583][0m Trial 12 finished with value: 0.0 and parameters: {'w_sim': 0.20660628522597374, 'w_rating': 0.35577455246344564, 'w_discount': 0.004153741808921918}. Best is trial 0 with value: 0.0.[0m
[32m[I 2026-06-26 08:26:10,645][0m Trial 13 finished with value: 0.0 and parameters: {'w_sim': 0.81485538497803, 'w_rating': 0.3647219343539857, 'w_discount': 0.7929896313771468}. Best is trial 0 with value: 0.0.[0m
[32m[I 2026-06-26 08:26:10,706][0m Trial 14 finished with value: 0.0 and parameters: {'w_sim': 0.22511771512302398, 'w_rating': 0.20743827502284234, 'w_discount': 0.43705955616489967}. Best is trial 0 with value: 0.0.[0m
[32m[I 2026-06-26 08:26:10,769][0m Trial 15 finished with value: 0.0 and parameters: {'w_sim': 0.024321837943529073, 'w_rating': 0.39155988756245225, 'w_discount': 0.5269425475132631}. Best is trial 0 with value: 0.0.[0m
[32m[I 2026-06-26 08:26:10,831][0m Trial 16 finished with value: 0.0 and parameters: {'w_sim': 0.7108135881866894, 'w_rating': 0.7269044601414383, 'w_discount': 0.7599684152509811}. Best is trial 0 with value: 0.0.[0m
[32m[I 2026-06-26 08:26:10,891][0m Trial 17 finished with value: 0.0 and parameters: {'w_sim': 0.28720924435345985, 'w_rating': 0.46059507813603234, 'w_discount': 0.24277215839715238}. Best is trial 0 with value: 0.0.[0m
[32m[I 2026-06-26 08:26:10,951][0m Trial 18 finished with value: 0.0 and parameters: {'w_sim': 0.12415470617014646, 'w_rating': 0.19051311443827718, 'w_discount': 0.848792680800674}. Best is trial 0 with value: 0.0.[0m
[32m[I 2026-06-26 08:26:11,013][0m Trial 19 finished with value: 0.0 and parameters: {'w_sim': 0.4696370759221888, 'w_rating': 0.020990285473715453, 'w_discount': 0.48620810940368964}. Best is trial 0 with value: 0.0.[0m
[32m[I 2026-06-26 08:26:11,075][0m Trial 20 finished with value: 0.0 and parameters: {'w_sim': 0.6350572980754455, 'w_rating': 0.6357792732183185, 'w_discount': 0.3504894295459381}. Best is trial 0 with value: 0.0.[0m
[32m[I 2026-06-26 08:26:11,136][0m Trial 21 finished with value: 0.0 and parameters: {'w_sim': 0.5689283174652714, 'w_rating': 0.0010301361044907642, 'w_discount': 0.29135798549637815}. Best is trial 0 with value: 0.0.[0m
[32m[I 2026-06-26 08:26:11,197][0m Trial 22 finished with value: 0.0 and parameters: {'w_sim': 0.43967428766263134, 'w_rating': 0.08742026054562158, 'w_discount': 0.14760652114531803}. Best is trial 0 with value: 0.0.[0m
[32m[I 2026-06-26 08:26:11,260][0m Trial 23 finished with value: 0.0 and parameters: {'w_sim': 0.7940093760069029, 'w_rating': 0.2741448072270323, 'w_discount': 0.02285891823990205}. Best is trial 0 with value: 0.0.[0m
[32m[I 2026-06-26 08:26:11,321][0m Trial 24 finished with value: 0.0 and parameters: {'w_sim': 0.32211566269779934, 'w_rating': 0.4289874291407189, 'w_discount': 0.3048015028963623}. Best is trial 0 with value: 0.0.[0m
[32m[I 2026-06-26 08:26:11,383][0m Trial 25 finished with value: 0.0 and parameters: {'w_sim': 0.60610365652971, 'w_rating': 0.13217746338771846, 'w_discount': 0.6068573589393721}. Best is trial 0 with value: 0.0.[0m
[32m[I 2026-06-26 08:26:11,445][0m Trial 26 finished with value: 0.0 and parameters: {'w_sim': 0.9685383766667839, 'w_rating': 0.27135256392948126, 'w_discount': 0.23678954367739785}. Best is trial 0 with value: 0.0.[0m
[32m[I 2026-06-26 08:26:11,507][0m Trial 27 finished with value: 0.0 and parameters: {'w_sim': 0.26474133865209004, 'w_rating': 0.8378491609385421, 'w_discount': 0.5411006334722914}. Best is trial 0 with value: 0.0.[0m
[32m[I 2026-06-26 08:26:11,569][0m Trial 28 finished with value: 0.0 and parameters: {'w_sim': 0.11495435024919382, 'w_rating': 0.6068139291384929, 'w_discount': 0.3875903306466715}. Best is trial 0 with value: 0.0.[0m
[32m[I 2026-06-26 08:26:11,629][0m Trial 29 finished with value: 0.0 and parameters: {'w_sim': 0.39703778935422684, 'w_rating': 0.47547761633790003, 'w_discount': 0.09552091170975963}. Best is trial 0 with value: 0.0.[0m
[32m[I 2026-06-26 08:26:11,690][0m Trial 30 finished with value: 0.0 and parameters: {'w_sim': 0.7400312330697021, 'w_rating': 0.6710648313915415, 'w_discount': 0.6770244915193604}. Best is trial 0 with value: 0.0.[0m
[32m[I 2026-06-26 08:26:11,751][0m Trial 31 finished with value: 0.0 and parameters: {'w_sim': 0.44201334457319313, 'w_rating': 0.4949159706195789, 'w_discount': 0.18064492837058824}. Best is trial 0 with value: 0.0.[0m
[32m[I 2026-06-26 08:26:11,812][0m Trial 32 finished with value: 0.0 and parameters: {'w_sim': 0.5036199581365035, 'w_rating': 0.7193383129018585, 'w_discount': 0.07795645259015155}. Best is trial 0 with value: 0.0.[0m
[32m[I 2026-06-26 08:26:11,874][0m Trial 33 finished with value: 0.0 and parameters: {'w_sim': 0.3944938836491965, 'w_rating': 0.5540820316296596, 'w_discount': 0.1921823664924417}. Best is trial 0 with value: 0.0.[0m
[32m[I 2026-06-26 08:26:11,934][0m Trial 34 finished with value: 0.0 and parameters: {'w_sim': 0.04447034614151152, 'w_rating': 0.8278688753809761, 'w_discount': 0.33237312969782995}. Best is trial 0 with value: 0.0.[0m
[32m[I 2026-06-26 08:26:11,995][0m Trial 35 finished with value: 0.0 and parameters: {'w_sim': 0.3547816068151989, 'w_rating': 0.5297083188603756, 'w_discount': 0.9042747460077973}. Best is trial 0 with value: 0.0.[0m
[32m[I 2026-06-26 08:26:12,059][0m Trial 36 finished with value: 0.0 and parameters: {'w_sim': 0.5375755961464317, 'w_rating': 0.9644369239352174, 'w_discount': 0.10982758034079732}. Best is trial 0 with value: 0.0.[0m
[32m[I 2026-06-26 08:26:12,119][0m Trial 37 finished with value: 0.0 and parameters: {'w_sim': 0.5950793298096902, 'w_rating': 0.6504492534126155, 'w_discount': 0.25671827123309715}. Best is trial 0 with value: 0.0.[0m
[32m[I 2026-06-26 08:26:12,180][0m Trial 38 finished with value: 0.0 and parameters: {'w_sim': 0.18004342495829423, 'w_rating': 0.8118129945441944, 'w_discount': 0.44463790085887717}. Best is trial 0 with value: 0.0.[0m
[32m[I 2026-06-26 08:26:12,242][0m Trial 39 finished with value: 0.0 and parameters: {'w_sim': 0.5218961239730309, 'w_rating': 0.5776973797421157, 'w_discount': 0.3649032712567784}. Best is trial 0 with value: 0.0.[0m
[32m[I 2026-06-26 08:26:12,304][0m Trial 40 finished with value: 0.0 and parameters: {'w_sim': 0.2921809061969891, 'w_rating': 0.09355481254524417, 'w_discount': 0.6737455812806781}. Best is trial 0 with value: 0.0.[0m
[32m[I 2026-06-26 08:26:12,365][0m Trial 41 finished with value: 0.0 and parameters: {'w_sim': 0.005083314758402735, 'w_rating': 0.30951925939090674, 'w_discount': 0.21926342230841517}. Best is trial 0 with value: 0.0.[0m
[32m[I 2026-06-26 08:26:12,426][0m Trial 42 finished with value: 0.0 and parameters: {'w_sim': 0.07822966207409573, 'w_rating': 0.39234355165288304, 'w_discount': 0.1720719740664115}. Best is trial 0 with value: 0.0.[0m
[32m[I 2026-06-26 08:26:12,494][0m Trial 43 finished with value: 0.0 and parameters: {'w_sim': 0.16694943900244144, 'w_rating': 0.24226570768454053, 'w_discount': 0.04672437278393632}. Best is trial 0 with value: 0.0.[0m
[32m[I 2026-06-26 08:26:12,555][0m Trial 44 finished with value: 0.0 and parameters: {'w_sim': 0.22679878582199875, 'w_rating': 0.515558105108423, 'w_discount': 0.1372476252379806}. Best is trial 0 with value: 0.0.[0m
[32m[I 2026-06-26 08:26:12,619][0m Trial 45 finished with value: 0.0 and parameters: {'w_sim': 0.6552977492041581, 'w_rating': 0.4348228411257016, 'w_discount': 0.9391550002914945}. Best is trial 0 with value: 0.0.[0m
[32m[I 2026-06-26 08:26:12,680][0m Trial 46 finished with value: 0.0 and parameters: {'w_sim': 0.06270424075367081, 'w_rating': 0.7566342834998162, 'w_discount': 0.2866320508209864}. Best is trial 0 with value: 0.0.[0m
[32m[I 2026-06-26 08:26:12,748][0m Trial 47 finished with value: 0.0 and parameters: {'w_sim': 0.45310257541186416, 'w_rating': 0.7017080938005419, 'w_discount': 0.5445793705574485}. Best is trial 0 with value: 0.0.[0m
[32m[I 2026-06-26 08:26:12,816][0m Trial 48 finished with value: 0.0 and parameters: {'w_sim': 0.38473732828407203, 'w_rating': 0.33282074975461307, 'w_discount': 0.41460526102928946}. Best is trial 0 with value: 0.0.[0m
[32m[I 2026-06-26 08:26:12,880][0m Trial 49 finished with value: 0.0 and parameters: {'w_sim': 0.10106133208018242, 'w_rating': 0.5926936785193507, 'w_discount': 0.4934489585535359}. Best is trial 0 with value: 0.0.[0m
