⏳ Initializing Multi-Modal Hybrid Recommender Engine...
Warning: You are sending unauthenticated requests to the HF Hub. Please set a HF_TOKEN to enable higher rate limits and faster downloads.
Loading weights: 100%|█████████████████████████████████████| 103/103 [00:00<00:00, 8957.91it/s]
🔮 Generating 10 K-Means clusters for structural catalog grouping...
🖼️ Aligning multi-modal visual representation vector spaces...
🎉 Hybrid Engine active! Balanced multi-modal sorting online.
[32m[I 2026-06-25 02:28:21,090][0m A new study created in memory with name: no-name-ebd7edeb-e454-4c6e-9efc-3b7b77936563[0m
[32m[I 2026-06-25 02:28:21,269][0m Trial 0 finished with value: 0.1 and parameters: {'w_sim': 0.5176061836492495, 'w_rating': 0.6222703242617448, 'w_discount': 0.8165964481597772}. Best is trial 0 with value: 0.1.[0m
[32m[I 2026-06-25 02:28:21,390][0m Trial 1 finished with value: 0.54 and parameters: {'w_sim': 0.5802116808024335, 'w_rating': 0.37200357085809377, 'w_discount': 0.20209991801296845}. Best is trial 1 with value: 0.54.[0m
[32m[I 2026-06-25 02:28:21,501][0m Trial 2 finished with value: 0.14800000000000002 and parameters: {'w_sim': 0.8396510138287712, 'w_rating': 0.35630712897072625, 'w_discount': 0.9132626902670234}. Best is trial 1 with value: 0.54.[0m
[32m[I 2026-06-25 02:28:21,612][0m Trial 3 finished with value: 0.436 and parameters: {'w_sim': 0.3922902184225532, 'w_rating': 0.7799282425470246, 'w_discount': 0.15181129808414928}. Best is trial 1 with value: 0.54.[0m
[32m[I 2026-06-25 02:28:21,723][0m Trial 4 finished with value: 0.024 and parameters: {'w_sim': 0.07745555332458653, 'w_rating': 0.3071451546810986, 'w_discount': 0.7532197733998182}. Best is trial 1 with value: 0.54.[0m
[32m[I 2026-06-25 02:28:21,842][0m Trial 5 finished with value: 0.028000000000000004 and parameters: {'w_sim': 0.09504198498797545, 'w_rating': 0.2461070388523553, 'w_discount': 0.718016682437038}. Best is trial 1 with value: 0.54.[0m
[32m[I 2026-06-25 02:28:21,953][0m Trial 6 finished with value: 0.6 and parameters: {'w_sim': 0.5750287673114827, 'w_rating': 0.6455401316441656, 'w_discount': 0.09287780897450104}. Best is trial 6 with value: 0.6.[0m
[32m[I 2026-06-25 02:28:22,064][0m Trial 7 finished with value: 0.10400000000000001 and parameters: {'w_sim': 0.5360554057317384, 'w_rating': 0.38700423672938733, 'w_discount': 0.8015814045478283}. Best is trial 6 with value: 0.6.[0m
[32m[I 2026-06-25 02:28:22,174][0m Trial 8 finished with value: 0.1 and parameters: {'w_sim': 0.30597309650537596, 'w_rating': 0.31494657310040086, 'w_discount': 0.5684289198718383}. Best is trial 6 with value: 0.6.[0m
[32m[I 2026-06-25 02:28:22,283][0m Trial 9 finished with value: 0.624 and parameters: {'w_sim': 0.9607400211422952, 'w_rating': 0.4945602310026104, 'w_discount': 0.1560388130486755}. Best is trial 9 with value: 0.624.[0m
[32m[I 2026-06-25 02:28:22,392][0m Trial 10 finished with value: 0.508 and parameters: {'w_sim': 0.977846194885692, 'w_rating': 0.026159923725610768, 'w_discount': 0.3829019104742537}. Best is trial 9 with value: 0.624.[0m
[32m[I 2026-06-25 02:28:22,503][0m Trial 11 finished with value: 0.6399999999999999 and parameters: {'w_sim': 0.777490136467865, 'w_rating': 0.6071600282997794, 'w_discount': 0.0030505781923256398}. Best is trial 11 with value: 0.6399999999999999.[0m
[32m[I 2026-06-25 02:28:22,616][0m Trial 12 finished with value: 0.628 and parameters: {'w_sim': 0.8139252217371353, 'w_rating': 0.8937852978411728, 'w_discount': 0.002835317659507147}. Best is trial 11 with value: 0.6399999999999999.[0m
[32m[I 2026-06-25 02:28:22,729][0m Trial 13 finished with value: 0.6240000000000001 and parameters: {'w_sim': 0.7574845821508037, 'w_rating': 0.9647146633040529, 'w_discount': 0.0018025901644087058}. Best is trial 11 with value: 0.6399999999999999.[0m
[32m[I 2026-06-25 02:28:22,841][0m Trial 14 finished with value: 0.484 and parameters: {'w_sim': 0.758027074714893, 'w_rating': 0.9883146951194726, 'w_discount': 0.2821368611801235}. Best is trial 11 with value: 0.6399999999999999.[0m
[32m[I 2026-06-25 02:28:22,954][0m Trial 15 finished with value: 0.632 and parameters: {'w_sim': 0.7232796846200192, 'w_rating': 0.811423999059353, 'w_discount': 0.04332372528575338}. Best is trial 11 with value: 0.6399999999999999.[0m
[32m[I 2026-06-25 02:28:23,064][0m Trial 16 finished with value: 0.35600000000000004 and parameters: {'w_sim': 0.6754273315016937, 'w_rating': 0.7527023529375434, 'w_discount': 0.3676921409340473}. Best is trial 11 with value: 0.6399999999999999.[0m
[32m[I 2026-06-25 02:28:23,175][0m Trial 17 finished with value: 0.556 and parameters: {'w_sim': 0.898638386042172, 'w_rating': 0.5723571060501433, 'w_discount': 0.2879502941211913}. Best is trial 11 with value: 0.6399999999999999.[0m
[32m[I 2026-06-25 02:28:23,286][0m Trial 18 finished with value: 0.24 and parameters: {'w_sim': 0.6785203885965391, 'w_rating': 0.76316481866446, 'w_discount': 0.48269787071958137}. Best is trial 11 with value: 0.6399999999999999.[0m
[32m[I 2026-06-25 02:28:23,401][0m Trial 19 finished with value: 0.548 and parameters: {'w_sim': 0.42199451399376575, 'w_rating': 0.8493459469760689, 'w_discount': 0.07607062948615648}. Best is trial 11 with value: 0.6399999999999999.[0m
[32m[I 2026-06-25 02:28:23,513][0m Trial 20 finished with value: 0.508 and parameters: {'w_sim': 0.67543199958518, 'w_rating': 0.691175365004472, 'w_discount': 0.24248600113685212}. Best is trial 11 with value: 0.6399999999999999.[0m
[32m[I 2026-06-25 02:28:23,653][0m Trial 21 finished with value: 0.632 and parameters: {'w_sim': 0.8190286153508386, 'w_rating': 0.8748746852468683, 'w_discount': 0.005529766506985285}. Best is trial 11 with value: 0.6399999999999999.[0m
[32m[I 2026-06-25 02:28:23,778][0m Trial 22 finished with value: 0.616 and parameters: {'w_sim': 0.8636984324942212, 'w_rating': 0.8715697859855498, 'w_discount': 0.07892728462985295}. Best is trial 11 with value: 0.6399999999999999.[0m
[32m[I 2026-06-25 02:28:23,890][0m Trial 23 finished with value: 0.6480000000000001 and parameters: {'w_sim': 0.7466189986495638, 'w_rating': 0.5138492923266942, 'w_discount': 0.00901004228192425}. Best is trial 23 with value: 0.6480000000000001.[0m
[32m[I 2026-06-25 02:28:24,002][0m Trial 24 finished with value: 0.628 and parameters: {'w_sim': 0.7189264288340564, 'w_rating': 0.4909867616872539, 'w_discount': 0.08734958023537888}. Best is trial 23 with value: 0.6480000000000001.[0m
[32m[I 2026-06-25 02:28:24,113][0m Trial 25 finished with value: 0.5920000000000001 and parameters: {'w_sim': 0.619490798934389, 'w_rating': 0.5267243554150345, 'w_discount': 0.1365052073363962}. Best is trial 23 with value: 0.6480000000000001.[0m
[32m[I 2026-06-25 02:28:24,225][0m Trial 26 finished with value: 0.612 and parameters: {'w_sim': 0.9060470185679554, 'w_rating': 0.4428663531071444, 'w_discount': 0.2091415069426512}. Best is trial 23 with value: 0.6480000000000001.[0m
[32m[I 2026-06-25 02:28:24,336][0m Trial 27 finished with value: 0.684 and parameters: {'w_sim': 0.7723866870509314, 'w_rating': 0.20087142467210328, 'w_discount': 0.06534447562009947}. Best is trial 27 with value: 0.684.[0m
[32m[I 2026-06-25 02:28:24,448][0m Trial 28 finished with value: 0.23199999999999998 and parameters: {'w_sim': 0.4522854758314041, 'w_rating': 0.15946335223634012, 'w_discount': 0.35584546585808274}. Best is trial 27 with value: 0.684.[0m
[32m[I 2026-06-25 02:28:24,562][0m Trial 29 finished with value: 0.716 and parameters: {'w_sim': 0.7922487498828404, 'w_rating': 0.021865040662107205, 'w_discount': 0.1415305489606586}. Best is trial 29 with value: 0.716.[0m
[32m[I 2026-06-25 02:28:24,674][0m Trial 30 finished with value: 0.38 and parameters: {'w_sim': 0.25782197738764334, 'w_rating': 0.017737050354328786, 'w_discount': 0.1510743717040832}. Best is trial 29 with value: 0.716.[0m
[32m[I 2026-06-25 02:28:24,786][0m Trial 31 finished with value: 0.68 and parameters: {'w_sim': 0.7881376373881014, 'w_rating': 0.117767188080839, 'w_discount': 0.12142527160103397}. Best is trial 29 with value: 0.716.[0m
[32m[I 2026-06-25 02:28:24,900][0m Trial 32 finished with value: 0.552 and parameters: {'w_sim': 0.6109808760243192, 'w_rating': 0.10391411608578233, 'w_discount': 0.21084216184466859}. Best is trial 29 with value: 0.716.[0m
[32m[I 2026-06-25 02:28:25,016][0m Trial 33 finished with value: 0.596 and parameters: {'w_sim': 0.9102658346758732, 'w_rating': 0.11306455948299919, 'w_discount': 0.2839395416216296}. Best is trial 29 with value: 0.716.[0m
[32m[I 2026-06-25 02:28:25,133][0m Trial 34 finished with value: 0.68 and parameters: {'w_sim': 0.8269091245462965, 'w_rating': 0.1803942075947916, 'w_discount': 0.12612767065396083}. Best is trial 29 with value: 0.716.[0m
[32m[I 2026-06-25 02:28:25,245][0m Trial 35 finished with value: 0.6680000000000001 and parameters: {'w_sim': 0.8457806336351887, 'w_rating': 0.21179064971832134, 'w_discount': 0.13811208136897582}. Best is trial 29 with value: 0.716.[0m
[32m[I 2026-06-25 02:28:25,370][0m Trial 36 finished with value: 0.6600000000000001 and parameters: {'w_sim': 0.9924407897911012, 'w_rating': 0.22776341412276663, 'w_discount': 0.18525366987977956}. Best is trial 29 with value: 0.716.[0m
[32m[I 2026-06-25 02:28:25,496][0m Trial 37 finished with value: 0.128 and parameters: {'w_sim': 0.796134461757023, 'w_rating': 0.09076557429593345, 'w_discount': 0.9658634574614069}. Best is trial 29 with value: 0.716.[0m
[32m[I 2026-06-25 02:28:25,619][0m Trial 38 finished with value: 0.608 and parameters: {'w_sim': 0.8770111454168796, 'w_rating': 0.16943309558040123, 'w_discount': 0.24854340843266765}. Best is trial 29 with value: 0.716.[0m
[32m[I 2026-06-25 02:28:25,734][0m Trial 39 finished with value: 0.6240000000000001 and parameters: {'w_sim': 0.5099608988687184, 'w_rating': 0.28379407241295435, 'w_discount': 0.09153956338153507}. Best is trial 29 with value: 0.716.[0m
[32m[I 2026-06-25 02:28:25,848][0m Trial 40 finished with value: 0.4 and parameters: {'w_sim': 0.6204753999533231, 'w_rating': 0.06177480971474075, 'w_discount': 0.32504367621037134}. Best is trial 29 with value: 0.716.[0m
[32m[I 2026-06-25 02:28:25,960][0m Trial 41 finished with value: 0.672 and parameters: {'w_sim': 0.8348819262877044, 'w_rating': 0.20989403673457913, 'w_discount': 0.12690118489817714}. Best is trial 29 with value: 0.716.[0m
[32m[I 2026-06-25 02:28:26,074][0m Trial 42 finished with value: 0.684 and parameters: {'w_sim': 0.9317744417521837, 'w_rating': 0.162118101869535, 'w_discount': 0.1206044425936779}. Best is trial 29 with value: 0.716.[0m
[32m[I 2026-06-25 02:28:26,185][0m Trial 43 finished with value: 0.66 and parameters: {'w_sim': 0.9358748123445935, 'w_rating': 0.15265771979842988, 'w_discount': 0.19140649290688966}. Best is trial 29 with value: 0.716.[0m
[32m[I 2026-06-25 02:28:26,297][0m Trial 44 finished with value: 0.7560000000000001 and parameters: {'w_sim': 0.9515917620276413, 'w_rating': 0.0005643831048421019, 'w_discount': 0.057804290786899463}. Best is trial 44 with value: 0.7560000000000001.[0m
[32m[I 2026-06-25 02:28:26,409][0m Trial 45 finished with value: 0.72 and parameters: {'w_sim': 0.9320851289403281, 'w_rating': 0.05273699254918, 'w_discount': 0.046617058447530335}. Best is trial 44 with value: 0.7560000000000001.[0m
[32m[I 2026-06-25 02:28:26,522][0m Trial 46 finished with value: 0.7560000000000001 and parameters: {'w_sim': 0.9968593211331903, 'w_rating': 0.0024666300729934906, 'w_discount': 0.07000325882929065}. Best is trial 44 with value: 0.7560000000000001.[0m
[32m[I 2026-06-25 02:28:26,637][0m Trial 47 finished with value: 0.752 and parameters: {'w_sim': 0.9870898059434786, 'w_rating': 0.006513451084432388, 'w_discount': 0.0540782075609815}. Best is trial 44 with value: 0.7560000000000001.[0m
[32m[I 2026-06-25 02:28:26,750][0m Trial 48 finished with value: 0.752 and parameters: {'w_sim': 0.992828704434253, 'w_rating': 0.00906556276687815, 'w_discount': 0.04234136201185502}. Best is trial 44 with value: 0.7560000000000001.[0m
[32m[I 2026-06-25 02:28:26,868][0m Trial 49 finished with value: 0.7240000000000001 and parameters: {'w_sim': 0.9993019200074307, 'w_rating': 0.0533732167873053, 'w_discount': 0.04546951996402497}. Best is trial 44 with value: 0.7560000000000001.[0m
