‚è≥ Initializing Hybrid Recommender Engine Artifacts...
Warning: You are sending unauthenticated requests to the HF Hub. Please set a HF_TOKEN to enable higher rate limits and faster downloads.
Loading weights: 100%|‚ñà‚ñà‚ñà‚ñà‚ñà‚ñà‚ñà‚ñà‚ñà‚ñà‚ñà‚ñà‚ñà‚ñà‚ñà‚ñà‚ñà‚ñà‚ñà‚ñà‚ñà‚ñà‚ñà‚ñà‚ñà‚ñà‚ñà‚ñà‚ñà‚ñà‚ñà‚ñà‚ñà‚ñà‚ñà‚ñà‚ñà| 103/103 [00:00<00:00, 6087.18it/s]
üéâ Hybrid Engine active! Balanced sorting logic online.
[32m[I 2026-06-24 22:59:46,276][0m A new study created in memory with name: no-name-b8ba33c1-fec9-4ee7-b8ff-665c10dfe18e[0m
[32m[I 2026-06-24 22:59:46,411][0m Trial 0 finished with value: 0.996 and parameters: {'w_text': 0.7604245420586034, 'w_rating': 0.33632516474553, 'w_discount': 0.025013237034181124}. Best is trial 0 with value: 0.996.[0m
[32m[I 2026-06-24 22:59:46,477][0m Trial 1 finished with value: 0.992 and parameters: {'w_text': 0.02305882606221832, 'w_rating': 0.17161339078877835, 'w_discount': 0.5777006611256759}. Best is trial 0 with value: 0.996.[0m
[32m[I 2026-06-24 22:59:46,535][0m Trial 2 finished with value: 0.992 and parameters: {'w_text': 0.7422025274353748, 'w_rating': 0.15356032541559494, 'w_discount': 0.665702648186818}. Best is trial 0 with value: 0.996.[0m
[32m[I 2026-06-24 22:59:46,596][0m Trial 3 finished with value: 0.9840000000000001 and parameters: {'w_text': 0.9189701473524102, 'w_rating': 0.8376083865250865, 'w_discount': 0.049755214531242764}. Best is trial 0 with value: 0.996.[0m
[32m[I 2026-06-24 22:59:46,654][0m Trial 4 finished with value: 1.0 and parameters: {'w_text': 0.9509485143673473, 'w_rating': 0.5663644657111766, 'w_discount': 0.4735126670112909}. Best is trial 4 with value: 1.0.[0m
[32m[I 2026-06-24 22:59:46,713][0m Trial 5 finished with value: 1.0 and parameters: {'w_text': 0.572083303935471, 'w_rating': 0.9108615916154329, 'w_discount': 0.2125263143455295}. Best is trial 4 with value: 1.0.[0m
[32m[I 2026-06-24 22:59:46,773][0m Trial 6 finished with value: 1.0 and parameters: {'w_text': 0.1836089790922104, 'w_rating': 0.8530544617653137, 'w_discount': 0.7291767050853477}. Best is trial 4 with value: 1.0.[0m
[32m[I 2026-06-24 22:59:46,831][0m Trial 7 finished with value: 0.96 and parameters: {'w_text': 0.3969241820485593, 'w_rating': 0.9947954615272997, 'w_discount': 0.9897797668193963}. Best is trial 4 with value: 1.0.[0m
[32m[I 2026-06-24 22:59:46,890][0m Trial 8 finished with value: 0.98 and parameters: {'w_text': 0.027938104025649113, 'w_rating': 0.940505439542883, 'w_discount': 0.7709754268604181}. Best is trial 4 with value: 1.0.[0m
[32m[I 2026-06-24 22:59:46,948][0m Trial 9 finished with value: 0.98 and parameters: {'w_text': 0.6873463268436945, 'w_rating': 0.38430139748554915, 'w_discount': 0.9484798887361912}. Best is trial 4 with value: 1.0.[0m
