⏳ Initializing Multi-Modal Hybrid Recommender Engine...
Loading weights: 100%|████████████████████████████████████| 103/103 [00:00<00:00, 22809.57it/s]
🔮 Generating 10 K-Means clusters for structural catalog grouping...
🖼️ Aligning multi-modal visual representation vector spaces...
🎉 Hybrid Engine active! Balanced multi-modal sorting online.
[32m[I 2026-06-26 08:30:46,444][0m A new study created in memory with name: no-name-8bcedf1e-c710-42cf-8d0a-fc8868531a8c[0m
[32m[I 2026-06-26 08:30:46,582][0m Trial 0 finished with value: 0.276 and parameters: {'w_sim': 0.7871262588051013, 'w_rating': 0.7006374860422457, 'w_discount': 0.6736274664168056}. Best is trial 0 with value: 0.276.[0m
[32m[I 2026-06-26 08:30:46,699][0m Trial 1 finished with value: 0.2 and parameters: {'w_sim': 0.23482924471938027, 'w_rating': 0.9802114573606001, 'w_discount': 0.3326268126584835}. Best is trial 0 with value: 0.276.[0m
[32m[I 2026-06-26 08:30:46,811][0m Trial 2 finished with value: 0.784 and parameters: {'w_sim': 0.34382175585815433, 'w_rating': 0.5059703976198793, 'w_discount': 0.04676306342540015}. Best is trial 2 with value: 0.784.[0m
[32m[I 2026-06-26 08:30:46,931][0m Trial 3 finished with value: 0.06000000000000001 and parameters: {'w_sim': 0.09810572509801085, 'w_rating': 0.7771096548966997, 'w_discount': 0.752688414693093}. Best is trial 2 with value: 0.784.[0m
[32m[I 2026-06-26 08:30:47,050][0m Trial 4 finished with value: 0.596 and parameters: {'w_sim': 0.6357053994824987, 'w_rating': 0.07986439718197746, 'w_discount': 0.2916553805400437}. Best is trial 2 with value: 0.784.[0m
[32m[I 2026-06-26 08:30:47,166][0m Trial 5 finished with value: 0.1 and parameters: {'w_sim': 0.0011067998117569866, 'w_rating': 0.7325320630922642, 'w_discount': 0.2576078519222633}. Best is trial 2 with value: 0.784.[0m
[32m[I 2026-06-26 08:30:47,278][0m Trial 6 finished with value: 0.036000000000000004 and parameters: {'w_sim': 0.00842887850202556, 'w_rating': 0.21232753330191423, 'w_discount': 0.7494897481767093}. Best is trial 2 with value: 0.784.[0m
[32m[I 2026-06-26 08:30:47,393][0m Trial 7 finished with value: 0.35200000000000004 and parameters: {'w_sim': 0.7831012467805646, 'w_rating': 0.9504420033543407, 'w_discount': 0.5587222366702579}. Best is trial 2 with value: 0.784.[0m
[32m[I 2026-06-26 08:30:47,506][0m Trial 8 finished with value: 0.212 and parameters: {'w_sim': 0.3857856289052439, 'w_rating': 0.08830071529258032, 'w_discount': 0.5351869534363994}. Best is trial 2 with value: 0.784.[0m
[32m[I 2026-06-26 08:30:47,614][0m Trial 9 finished with value: 0.34800000000000003 and parameters: {'w_sim': 0.9901948455756587, 'w_rating': 0.5756665172914147, 'w_discount': 0.7327537111193481}. Best is trial 2 with value: 0.784.[0m
[32m[I 2026-06-26 08:30:47,726][0m Trial 10 finished with value: 0.78 and parameters: {'w_sim': 0.4117284924193218, 'w_rating': 0.4671966120938217, 'w_discount': 0.019859216075050916}. Best is trial 2 with value: 0.784.[0m
[32m[I 2026-06-26 08:30:47,836][0m Trial 11 finished with value: 0.784 and parameters: {'w_sim': 0.3988921161459499, 'w_rating': 0.41056454642532886, 'w_discount': 0.007590477863169338}. Best is trial 2 with value: 0.784.[0m
[32m[I 2026-06-26 08:30:47,955][0m Trial 12 finished with value: 0.764 and parameters: {'w_sim': 0.4120328940369718, 'w_rating': 0.36210656204705705, 'w_discount': 0.08272540933820023}. Best is trial 2 with value: 0.784.[0m
[32m[I 2026-06-26 08:30:48,067][0m Trial 13 finished with value: 0.136 and parameters: {'w_sim': 0.5521701051672414, 'w_rating': 0.34603261324492574, 'w_discount': 0.9911175222961507}. Best is trial 2 with value: 0.784.[0m
[32m[I 2026-06-26 08:30:48,179][0m Trial 14 finished with value: 0.48 and parameters: {'w_sim': 0.25088494093704095, 'w_rating': 0.47639016815593416, 'w_discount': 0.15391560752482625}. Best is trial 2 with value: 0.784.[0m
[32m[I 2026-06-26 08:30:48,293][0m Trial 15 finished with value: 0.46399999999999997 and parameters: {'w_sim': 0.26206682515897023, 'w_rating': 0.22833732909758292, 'w_discount': 0.16922338156317296}. Best is trial 2 with value: 0.784.[0m
[32m[I 2026-06-26 08:30:48,409][0m Trial 16 finished with value: 0.78 and parameters: {'w_sim': 0.5659495563913286, 'w_rating': 0.5867154484393675, 'w_discount': 0.007263583098086383}. Best is trial 2 with value: 0.784.[0m
[32m[I 2026-06-26 08:30:48,518][0m Trial 17 finished with value: 0.22 and parameters: {'w_sim': 0.34048466493738255, 'w_rating': 0.3409970451715085, 'w_discount': 0.4103776298908779}. Best is trial 2 with value: 0.784.[0m
[32m[I 2026-06-26 08:30:48,628][0m Trial 18 finished with value: 0.37200000000000005 and parameters: {'w_sim': 0.17134000037726985, 'w_rating': 0.533797605958975, 'w_discount': 0.15561430718274755}. Best is trial 2 with value: 0.784.[0m
[32m[I 2026-06-26 08:30:48,742][0m Trial 19 finished with value: 0.7880000000000001 and parameters: {'w_sim': 0.4809724731340018, 'w_rating': 0.23781018183520766, 'w_discount': 0.07654281095838197}. Best is trial 19 with value: 0.7880000000000001.[0m
[32m[I 2026-06-26 08:30:48,856][0m Trial 20 finished with value: 0.628 and parameters: {'w_sim': 0.49910960856759345, 'w_rating': 0.2286473771326627, 'w_discount': 0.21362580153053012}. Best is trial 19 with value: 0.7880000000000001.[0m
[32m[I 2026-06-26 08:30:48,969][0m Trial 21 finished with value: 0.7880000000000001 and parameters: {'w_sim': 0.7079416746173262, 'w_rating': 0.40486262901215436, 'w_discount': 0.08929338548254885}. Best is trial 19 with value: 0.7880000000000001.[0m
[32m[I 2026-06-26 08:30:49,084][0m Trial 22 finished with value: 0.7920000000000001 and parameters: {'w_sim': 0.7728425012759403, 'w_rating': 0.2578364149227971, 'w_discount': 0.09540522846065916}. Best is trial 22 with value: 0.7920000000000001.[0m
[32m[I 2026-06-26 08:30:49,195][0m Trial 23 finished with value: 0.796 and parameters: {'w_sim': 0.7485115509192442, 'w_rating': 0.13623583942424444, 'w_discount': 0.1111946184484951}. Best is trial 23 with value: 0.796.[0m
[32m[I 2026-06-26 08:30:49,305][0m Trial 24 finished with value: 0.588 and parameters: {'w_sim': 0.9041175963109558, 'w_rating': 0.15141444346038951, 'w_discount': 0.3898821458432758}. Best is trial 23 with value: 0.796.[0m
[32m[I 2026-06-26 08:30:49,415][0m Trial 25 finished with value: 0.8160000000000001 and parameters: {'w_sim': 0.863795108554456, 'w_rating': 0.027465391707661393, 'w_discount': 0.12038882203591739}. Best is trial 25 with value: 0.8160000000000001.[0m
[32m[I 2026-06-26 08:30:49,538][0m Trial 26 finished with value: 0.804 and parameters: {'w_sim': 0.8750789353981081, 'w_rating': 0.04241324371269465, 'w_discount': 0.14951669133570922}. Best is trial 25 with value: 0.8160000000000001.[0m
[32m[I 2026-06-26 08:30:49,656][0m Trial 27 finished with value: 0.7880000000000001 and parameters: {'w_sim': 0.863473399172787, 'w_rating': 0.013009253714802813, 'w_discount': 0.21199909244521475}. Best is trial 25 with value: 0.8160000000000001.[0m
[32m[I 2026-06-26 08:30:49,775][0m Trial 28 finished with value: 0.628 and parameters: {'w_sim': 0.9805708773640984, 'w_rating': 0.062253867425213494, 'w_discount': 0.4102199386177171}. Best is trial 25 with value: 0.8160000000000001.[0m
[32m[I 2026-06-26 08:30:49,890][0m Trial 29 finished with value: 0.664 and parameters: {'w_sim': 0.8861942611933336, 'w_rating': 0.12903532762592856, 'w_discount': 0.3228577494348999}. Best is trial 25 with value: 0.8160000000000001.[0m
[32m[I 2026-06-26 08:30:50,006][0m Trial 30 finished with value: 0.7120000000000002 and parameters: {'w_sim': 0.7045438089169321, 'w_rating': 0.0027897969641180256, 'w_discount': 0.2394730001252341}. Best is trial 25 with value: 0.8160000000000001.[0m
[32m[I 2026-06-26 08:30:50,127][0m Trial 31 finished with value: 0.792 and parameters: {'w_sim': 0.8028011837951564, 'w_rating': 0.14776095620684096, 'w_discount': 0.13389571796113983}. Best is trial 25 with value: 0.8160000000000001.[0m
[32m[I 2026-06-26 08:30:50,293][0m Trial 32 finished with value: 0.7880000000000001 and parameters: {'w_sim': 0.7672964876084349, 'w_rating': 0.29276186644063873, 'w_discount': 0.11656499674656065}. Best is trial 25 with value: 0.8160000000000001.[0m
[32m[I 2026-06-26 08:30:50,412][0m Trial 33 finished with value: 0.7360000000000001 and parameters: {'w_sim': 0.6940888108242456, 'w_rating': 0.1627649581228661, 'w_discount': 0.20142729633826106}. Best is trial 25 with value: 0.8160000000000001.[0m
[32m[I 2026-06-26 08:30:50,521][0m Trial 34 finished with value: 0.7120000000000002 and parameters: {'w_sim': 0.8379020283218686, 'w_rating': 0.08219672966698353, 'w_discount': 0.2763479669373734}. Best is trial 25 with value: 0.8160000000000001.[0m
[32m[I 2026-06-26 08:30:50,632][0m Trial 35 finished with value: 0.824 and parameters: {'w_sim': 0.9298384245325328, 'w_rating': 0.02260890074930602, 'w_discount': 0.0671682948707728}. Best is trial 35 with value: 0.824.[0m
[32m[I 2026-06-26 08:30:50,746][0m Trial 36 finished with value: 0.68 and parameters: {'w_sim': 0.9118910125296771, 'w_rating': 0.01586327427607294, 'w_discount': 0.34721959911797673}. Best is trial 35 with value: 0.824.[0m
[32m[I 2026-06-26 08:30:50,858][0m Trial 37 finished with value: 0.8200000000000002 and parameters: {'w_sim': 0.9408954989917886, 'w_rating': 0.06312138173188366, 'w_discount': 0.06480297209916211}. Best is trial 35 with value: 0.824.[0m
[32m[I 2026-06-26 08:30:50,969][0m Trial 38 finished with value: 0.8200000000000002 and parameters: {'w_sim': 0.9473839132132358, 'w_rating': 0.062042127185242275, 'w_discount': 0.05612962204311821}. Best is trial 35 with value: 0.824.[0m
[32m[I 2026-06-26 08:30:51,081][0m Trial 39 finished with value: 0.8200000000000002 and parameters: {'w_sim': 0.953482926044845, 'w_rating': 0.09088426811282073, 'w_discount': 0.05606550279858896}. Best is trial 35 with value: 0.824.[0m
[32m[I 2026-06-26 08:30:51,200][0m Trial 40 finished with value: 0.804 and parameters: {'w_sim': 0.9555846179451591, 'w_rating': 0.18157382449612502, 'w_discount': 0.04961307605952555}. Best is trial 35 with value: 0.824.[0m
[32m[I 2026-06-26 08:30:51,312][0m Trial 41 finished with value: 0.8200000000000002 and parameters: {'w_sim': 0.9393632346661409, 'w_rating': 0.0864364113361603, 'w_discount': 0.04373969210103856}. Best is trial 35 with value: 0.824.[0m
[32m[I 2026-06-26 08:30:51,426][0m Trial 42 finished with value: 0.812 and parameters: {'w_sim': 0.943381400484413, 'w_rating': 0.10055193474178759, 'w_discount': 0.040655988863055284}. Best is trial 35 with value: 0.824.[0m
[32m[I 2026-06-26 08:30:51,538][0m Trial 43 finished with value: 0.8200000000000002 and parameters: {'w_sim': 0.9339333995849705, 'w_rating': 0.0916221413061059, 'w_discount': 0.043442647552695654}. Best is trial 35 with value: 0.824.[0m
[32m[I 2026-06-26 08:30:51,651][0m Trial 44 finished with value: 0.8039999999999999 and parameters: {'w_sim': 0.9989903763169387, 'w_rating': 0.18923682212274962, 'w_discount': 0.0010920529391861417}. Best is trial 35 with value: 0.824.[0m
[32m[I 2026-06-26 08:30:51,766][0m Trial 45 finished with value: 0.8280000000000001 and parameters: {'w_sim': 0.8114900691815455, 'w_rating': 0.06828248681250323, 'w_discount': 0.06363248824378302}. Best is trial 45 with value: 0.8280000000000001.[0m
[32m[I 2026-06-26 08:30:51,877][0m Trial 46 finished with value: 0.7880000000000001 and parameters: {'w_sim': 0.816998350951647, 'w_rating': 0.05050227365899162, 'w_discount': 0.17194495439343355}. Best is trial 45 with value: 0.8280000000000001.[0m
[32m[I 2026-06-26 08:30:51,987][0m Trial 47 finished with value: 0.24 and parameters: {'w_sim': 0.8342086598201253, 'w_rating': 0.28026786713321145, 'w_discount': 0.9182675430012384}. Best is trial 45 with value: 0.8280000000000001.[0m
[32m[I 2026-06-26 08:30:52,096][0m Trial 48 finished with value: 0.7760000000000001 and parameters: {'w_sim': 0.9057532188683638, 'w_rating': 0.9323941847268218, 'w_discount': 0.07111526406190988}. Best is trial 45 with value: 0.8280000000000001.[0m
[32m[I 2026-06-26 08:30:52,208][0m Trial 49 finished with value: 0.764 and parameters: {'w_sim': 0.9982505923932995, 'w_rating': 0.11753709295404002, 'w_discount': 0.2579310854554834}. Best is trial 45 with value: 0.8280000000000001.[0m
